[2022-06-27T23:06:12.266Z] Log level: Info
[2022-06-27T23:06:12.268Z] [info] Validating found git in: git
[2022-06-27T23:06:12.297Z] [info] Using git 2.36.1 from git
[2022-06-27T23:06:12.332Z] > git rev-parse --show-toplevel [6ms]
[2022-06-27T23:06:12.526Z] > git rev-parse --git-dir --git-common-dir [180ms]
[2022-06-27T23:06:12.531Z] [info] Open repository: /home/manu320/.config
[2022-06-27T23:06:12.549Z] > git status -z -uall [12ms]
[2022-06-27T23:06:12.555Z] > git symbolic-ref --short HEAD [1ms]
[2022-06-27T23:06:12.561Z] > git for-each-ref --format=%(refname)%00%(upstream:short)%00%(objectname)%00%(upstream:track)%00%(upstream:remotename)%00%(upstream:remoteref) refs/heads/master refs/remotes/master [1ms]
[2022-06-27T23:06:12.725Z] > git remote --verbose [154ms]
[2022-06-27T23:06:12.726Z] > git for-each-ref --sort -committerdate --format %(refname) %(objectname) %(*objectname) [160ms]
[2022-06-27T23:06:12.808Z] > git config --get commit.template [2ms]
[2022-06-27T23:06:13.054Z] > git show --textconv :qtile/config.py [14ms]
[2022-06-27T23:06:13.056Z] > git ls-files --stage -- /home/manu320/.config/qtile/config.py [4ms]
[2022-06-27T23:06:13.070Z] > git cat-file -s 20316eaafb8038f98b29cca1a0d7a5b38c384037 [3ms]
[2022-06-27T23:06:13.092Z] > git check-ignore -v -z --stdin [7ms]
[2022-06-27T23:06:14.610Z] > git status -z -uall [10ms]
[2022-06-27T23:06:14.615Z] > git symbolic-ref --short HEAD [1ms]
[2022-06-27T23:06:14.620Z] > git for-each-ref --format=%(refname)%00%(upstream:short)%00%(objectname)%00%(upstream:track)%00%(upstream:remotename)%00%(upstream:remoteref) refs/heads/master refs/remotes/master [1ms]
[2022-06-27T23:06:14.627Z] > git for-each-ref --sort -committerdate --format %(refname) %(objectname) %(*objectname) [3ms]
[2022-06-27T23:06:14.628Z] > git remote --verbose [1ms]
[2022-06-27T23:06:14.634Z] > git config --get commit.template [1ms]
[2022-06-27T23:06:19.652Z] > git status -z -uall [9ms]
[2022-06-27T23:06:19.656Z] > git symbolic-ref --short HEAD [1ms]
[2022-06-27T23:06:19.660Z] > git for-each-ref --format=%(refname)%00%(upstream:short)%00%(objectname)%00%(upstream:track)%00%(upstream:remotename)%00%(upstream:remoteref) refs/heads/master refs/remotes/master [1ms]
[2022-06-27T23:06:19.666Z] > git for-each-ref --sort -committerdate --format %(refname) %(objectname) %(*objectname) [4ms]
[2022-06-27T23:06:19.666Z] > git remote --verbose [1ms]
[2022-06-27T23:06:19.673Z] > git config --get commit.template [1ms]
[2022-06-27T23:06:54.439Z] > git status -z -uall [10ms]
[2022-06-27T23:06:54.444Z] > git symbolic-ref --short HEAD [1ms]
[2022-06-27T23:06:54.448Z] > git for-each-ref --format=%(refname)%00%(upstream:short)%00%(objectname)%00%(upstream:track)%00%(upstream:remotename)%00%(upstream:remoteref) refs/heads/master refs/remotes/master [1ms]
[2022-06-27T23:06:54.455Z] > git for-each-ref --sort -committerdate --format %(refname) %(objectname) %(*objectname) [3ms]
[2022-06-27T23:06:54.455Z] > git remote --verbose [1ms]
[2022-06-27T23:06:54.462Z] > git config --get commit.template [1ms]
[2022-06-27T23:07:01.979Z] > git status -z -uall [15ms]
[2022-06-27T23:07:01.984Z] > git symbolic-ref --short HEAD [1ms]
[2022-06-27T23:07:01.988Z] > git for-each-ref --format=%(refname)%00%(upstream:short)%00%(objectname)%00%(upstream:track)%00%(upstream:remotename)%00%(upstream:remoteref) refs/heads/master refs/remotes/master [1ms]
[2022-06-27T23:07:01.997Z] > git for-each-ref --sort -committerdate --format %(refname) %(objectname) %(*objectname) [5ms]
[2022-06-27T23:07:01.997Z] > git remote --verbose [1ms]
[2022-06-27T23:07:02.008Z] > git config --get commit.template [1ms]
[2022-06-27T23:07:07.025Z] > git status -z -uall [10ms]
[2022-06-27T23:07:07.029Z] > git symbolic-ref --short HEAD [1ms]
[2022-06-27T23:07:07.033Z] > git for-each-ref --format=%(refname)%00%(upstream:short)%00%(objectname)%00%(upstream:track)%00%(upstream:remotename)%00%(upstream:remoteref) refs/heads/master refs/remotes/master [1ms]
[2022-06-27T23:07:07.040Z] > git for-each-ref --sort -committerdate --format %(refname) %(objectname) %(*objectname) [4ms]
[2022-06-27T23:07:07.040Z] > git remote --verbose [1ms]
[2022-06-27T23:07:07.048Z] > git config --get commit.template [2ms]
[2022-06-27T23:07:12.062Z] > git status -z -uall [10ms]
[2022-06-27T23:07:12.066Z] > git symbolic-ref --short HEAD [1ms]
[2022-06-27T23:07:12.069Z] > git for-each-ref --format=%(refname)%00%(upstream:short)%00%(objectname)%00%(upstream:track)%00%(upstream:remotename)%00%(upstream:remoteref) refs/heads/master refs/remotes/master [0ms]
[2022-06-27T23:07:12.076Z] > git for-each-ref --sort -committerdate --format %(refname) %(objectname) %(*objectname) [4ms]
[2022-06-27T23:07:12.076Z] > git remote --verbose [1ms]
[2022-06-27T23:07:12.082Z] > git config --get commit.template [1ms]
[2022-06-27T23:07:17.098Z] > git status -z -uall [9ms]
[2022-06-27T23:07:17.102Z] > git symbolic-ref --short HEAD [1ms]
[2022-06-27T23:07:17.105Z] > git for-each-ref --format=%(refname)%00%(upstream:short)%00%(objectname)%00%(upstream:track)%00%(upstream:remotename)%00%(upstream:remoteref) refs/heads/master refs/remotes/master [1ms]
[2022-06-27T23:07:17.111Z] > git for-each-ref --sort -committerdate --format %(refname) %(objectname) %(*objectname) [3ms]
[2022-06-27T23:07:17.111Z] > git remote --verbose [1ms]
[2022-06-27T23:07:17.118Z] > git config --get commit.template [2ms]
[2022-06-27T23:07:22.134Z] > git status -z -uall [8ms]
[2022-06-27T23:07:22.138Z] > git symbolic-ref --short HEAD [1ms]
[2022-06-27T23:07:22.141Z] > git for-each-ref --format=%(refname)%00%(upstream:short)%00%(objectname)%00%(upstream:track)%00%(upstream:remotename)%00%(upstream:remoteref) refs/heads/master refs/remotes/master [1ms]
[2022-06-27T23:07:22.147Z] > git remote --verbose [1ms]
[2022-06-27T23:07:22.147Z] > git for-each-ref --sort -committerdate --format %(refname) %(objectname) %(*objectname) [3ms]
[2022-06-27T23:07:22.153Z] > git config --get commit.template [1ms]
[2022-06-27T23:07:27.169Z] > git status -z -uall [9ms]
[2022-06-27T23:07:27.173Z] > git symbolic-ref --short HEAD [1ms]
[2022-06-27T23:07:27.176Z] > git for-each-ref --format=%(refname)%00%(upstream:short)%00%(objectname)%00%(upstream:track)%00%(upstream:remotename)%00%(upstream:remoteref) refs/heads/master refs/remotes/master [1ms]
[2022-06-27T23:07:27.182Z] > git for-each-ref --sort -committerdate --format %(refname) %(objectname) %(*objectname) [3ms]
[2022-06-27T23:07:27.182Z] > git remote --verbose [1ms]
[2022-06-27T23:07:27.188Z] > git config --get commit.template [1ms]
[2022-06-27T23:07:32.203Z] > git status -z -uall [9ms]
[2022-06-27T23:07:32.207Z] > git symbolic-ref --short HEAD [1ms]
[2022-06-27T23:07:32.210Z] > git for-each-ref --format=%(refname)%00%(upstream:short)%00%(objectname)%00%(upstream:track)%00%(upstream:remotename)%00%(upstream:remoteref) refs/heads/master refs/remotes/master [1ms]
[2022-06-27T23:07:32.216Z] > git for-each-ref --sort -committerdate --format %(refname) %(objectname) %(*objectname) [3ms]
[2022-06-27T23:07:32.217Z] > git remote --verbose [1ms]
[2022-06-27T23:07:32.225Z] > git config --get commit.template [2ms]
[2022-06-27T23:07:37.241Z] > git status -z -uall [9ms]
[2022-06-27T23:07:37.244Z] > git symbolic-ref --short HEAD [0ms]
[2022-06-27T23:07:37.248Z] > git for-each-ref --format=%(refname)%00%(upstream:short)%00%(objectname)%00%(upstream:track)%00%(upstream:remotename)%00%(upstream:remoteref) refs/heads/master refs/remotes/master [1ms]
[2022-06-27T23:07:37.254Z] > git for-each-ref --sort -committerdate --format %(refname) %(objectname) %(*objectname) [4ms]
[2022-06-27T23:07:37.254Z] > git remote --verbose [1ms]
[2022-06-27T23:07:37.261Z] > git config --get commit.template [2ms]
[2022-06-27T23:07:42.277Z] > git status -z -uall [9ms]
[2022-06-27T23:07:42.281Z] > git symbolic-ref --short HEAD [1ms]
[2022-06-27T23:07:42.286Z] > git for-each-ref --format=%(refname)%00%(upstream:short)%00%(objectname)%00%(upstream:track)%00%(upstream:remotename)%00%(upstream:remoteref) refs/heads/master refs/remotes/master [1ms]
[2022-06-27T23:07:42.292Z] > git for-each-ref --sort -committerdate --format %(refname) %(objectname) %(*objectname) [4ms]
[2022-06-27T23:07:42.292Z] > git remote --verbose [1ms]
[2022-06-27T23:07:42.300Z] > git config --get commit.template [1ms]
[2022-06-27T23:07:47.319Z] > git status -z -uall [11ms]
[2022-06-27T23:07:47.323Z] > git symbolic-ref --short HEAD [1ms]
[2022-06-27T23:07:47.327Z] > git for-each-ref --format=%(refname)%00%(upstream:short)%00%(objectname)%00%(upstream:track)%00%(upstream:remotename)%00%(upstream:remoteref) refs/heads/master refs/remotes/master [1ms]
[2022-06-27T23:07:47.334Z] > git for-each-ref --sort -committerdate --format %(refname) %(objectname) %(*objectname) [4ms]
[2022-06-27T23:07:47.334Z] > git remote --verbose [1ms]
[2022-06-27T23:07:47.342Z] > git config --get commit.template [2ms]
[2022-06-27T23:07:52.355Z] > git status -z -uall [9ms]
[2022-06-27T23:07:52.359Z] > git symbolic-ref --short HEAD [0ms]
[2022-06-27T23:07:52.363Z] > git for-each-ref --format=%(refname)%00%(upstream:short)%00%(objectname)%00%(upstream:track)%00%(upstream:remotename)%00%(upstream:remoteref) refs/heads/master refs/remotes/master [1ms]
[2022-06-27T23:07:52.369Z] > git for-each-ref --sort -committerdate --format %(refname) %(objectname) %(*objectname) [4ms]
[2022-06-27T23:07:52.369Z] > git remote --verbose [1ms]
[2022-06-27T23:07:52.376Z] > git config --get commit.template [2ms]
[2022-06-27T23:07:57.407Z] > git status -z -uall [18ms]
[2022-06-27T23:07:57.411Z] > git symbolic-ref --short HEAD [0ms]
[2022-06-27T23:07:57.414Z] > git for-each-ref --format=%(refname)%00%(upstream:short)%00%(objectname)%00%(upstream:track)%00%(upstream:remotename)%00%(upstream:remoteref) refs/heads/master refs/remotes/master [1ms]
[2022-06-27T23:07:57.420Z] > git for-each-ref --sort -committerdate --format %(refname) %(objectname) %(*objectname) [3ms]
[2022-06-27T23:07:57.420Z] > git remote --verbose [1ms]
[2022-06-27T23:07:57.427Z] > git config --get commit.template [2ms]
[2022-06-27T23:08:02.444Z] > git status -z -uall [9ms]
[2022-06-27T23:08:02.448Z] > git symbolic-ref --short HEAD [1ms]
[2022-06-27T23:08:02.451Z] > git for-each-ref --format=%(refname)%00%(upstream:short)%00%(objectname)%00%(upstream:track)%00%(upstream:remotename)%00%(upstream:remoteref) refs/heads/master refs/remotes/master [1ms]
[2022-06-27T23:08:02.458Z] > git for-each-ref --sort -committerdate --format %(refname) %(objectname) %(*objectname) [4ms]
[2022-06-27T23:08:02.458Z] > git remote --verbose [1ms]
[2022-06-27T23:08:02.465Z] > git config --get commit.template [1ms]
[2022-06-27T23:08:07.518Z] > git status -z -uall [39ms]
[2022-06-27T23:08:07.529Z] > git symbolic-ref --short HEAD [2ms]
[2022-06-27T23:08:07.540Z] > git for-each-ref --format=%(refname)%00%(upstream:short)%00%(objectname)%00%(upstream:track)%00%(upstream:remotename)%00%(upstream:remoteref) refs/heads/master refs/remotes/master [3ms]
[2022-06-27T23:08:07.557Z] > git for-each-ref --sort -committerdate --format %(refname) %(objectname) %(*objectname) [9ms]
[2022-06-27T23:08:07.558Z] > git remote --verbose [2ms]
[2022-06-27T23:08:07.572Z] > git config --get commit.template [2ms]
[2022-06-27T23:08:12.593Z] > git status -z -uall [10ms]
[2022-06-27T23:08:12.596Z] > git symbolic-ref --short HEAD [0ms]
[2022-06-27T23:08:12.600Z] > git for-each-ref --format=%(refname)%00%(upstream:short)%00%(objectname)%00%(upstream:track)%00%(upstream:remotename)%00%(upstream:remoteref) refs/heads/master refs/remotes/master [1ms]
[2022-06-27T23:08:12.606Z] > git for-each-ref --sort -committerdate --format %(refname) %(objectname) %(*objectname) [4ms]
[2022-06-27T23:08:12.606Z] > git remote --verbose [1ms]
[2022-06-27T23:08:12.613Z] > git config --get commit.template [2ms]
[2022-06-27T23:08:17.628Z] > git status -z -uall [9ms]
[2022-06-27T23:08:17.633Z] > git symbolic-ref --short HEAD [1ms]
[2022-06-27T23:08:17.637Z] > git for-each-ref --format=%(refname)%00%(upstream:short)%00%(objectname)%00%(upstream:track)%00%(upstream:remotename)%00%(upstream:remoteref) refs/heads/master refs/remotes/master [1ms]
[2022-06-27T23:08:17.643Z] > git for-each-ref --sort -committerdate --format %(refname) %(objectname) %(*objectname) [3ms]
[2022-06-27T23:08:17.644Z] > git remote --verbose [1ms]
[2022-06-27T23:08:17.650Z] > git config --get commit.template [1ms]
[2022-06-27T23:08:22.673Z] > git status -z -uall [17ms]
[2022-06-27T23:08:22.680Z] > git symbolic-ref --short HEAD [1ms]
[2022-06-27T23:08:22.687Z] > git for-each-ref --format=%(refname)%00%(upstream:short)%00%(objectname)%00%(upstream:track)%00%(upstream:remotename)%00%(upstream:remoteref) refs/heads/master refs/remotes/master [1ms]
[2022-06-27T23:08:22.698Z] > git for-each-ref --sort -committerdate --format %(refname) %(objectname) %(*objectname) [6ms]
[2022-06-27T23:08:22.699Z] > git remote --verbose [1ms]
[2022-06-27T23:08:22.711Z] > git config --get commit.template [2ms]
[2022-06-27T23:08:27.727Z] > git status -z -uall [9ms]
[2022-06-27T23:08:27.731Z] > git symbolic-ref --short HEAD [0ms]
[2022-06-27T23:08:27.734Z] > git for-each-ref --format=%(refname)%00%(upstream:short)%00%(objectname)%00%(upstream:track)%00%(upstream:remotename)%00%(upstream:remoteref) refs/heads/master refs/remotes/master [1ms]
[2022-06-27T23:08:27.740Z] > git for-each-ref --sort -committerdate --format %(refname) %(objectname) %(*objectname) [3ms]
[2022-06-27T23:08:27.740Z] > git remote --verbose [1ms]
[2022-06-27T23:08:27.747Z] > git config --get commit.template [2ms]
[2022-06-27T23:08:32.764Z] > git status -z -uall [12ms]
[2022-06-27T23:08:32.769Z] > git symbolic-ref --short HEAD [1ms]
[2022-06-27T23:08:32.775Z] > git for-each-ref --format=%(refname)%00%(upstream:short)%00%(objectname)%00%(upstream:track)%00%(upstream:remotename)%00%(upstream:remoteref) refs/heads/master refs/remotes/master [2ms]
[2022-06-27T23:08:32.786Z] > git for-each-ref --sort -committerdate --format %(refname) %(objectname) %(*objectname) [6ms]
[2022-06-27T23:08:32.787Z] > git remote --verbose [2ms]
[2022-06-27T23:08:32.799Z] > git config --get commit.template [3ms]
[2022-06-27T23:08:33.955Z] > git check-ignore -v -z --stdin [1ms]
[2022-06-27T23:09:01.191Z] > git status -z -uall [10ms]
[2022-06-27T23:09:01.196Z] > git symbolic-ref --short HEAD [1ms]
[2022-06-27T23:09:01.200Z] > git for-each-ref --format=%(refname)%00%(upstream:short)%00%(objectname)%00%(upstream:track)%00%(upstream:remotename)%00%(upstream:remoteref) refs/heads/master refs/remotes/master [1ms]
[2022-06-27T23:09:01.208Z] > git for-each-ref --sort -committerdate --format %(refname) %(objectname) %(*objectname) [4ms]
[2022-06-27T23:09:01.208Z] > git remote --verbose [1ms]
[2022-06-27T23:09:01.215Z] > git config --get commit.template [1ms]
[2022-06-27T23:09:12.322Z] > git status -z -uall [11ms]
[2022-06-27T23:09:12.327Z] > git symbolic-ref --short HEAD [1ms]
[2022-06-27T23:09:12.331Z] > git for-each-ref --format=%(refname)%00%(upstream:short)%00%(objectname)%00%(upstream:track)%00%(upstream:remotename)%00%(upstream:remoteref) refs/heads/master refs/remotes/master [1ms]
[2022-06-27T23:09:12.338Z] > git for-each-ref --sort -committerdate --format %(refname) %(objectname) %(*objectname) [4ms]
[2022-06-27T23:09:12.338Z] > git remote --verbose [1ms]
[2022-06-27T23:09:12.345Z] > git config --get commit.template [0ms]
[2022-06-27T23:09:17.363Z] > git status -z -uall [9ms]
[2022-06-27T23:09:17.366Z] > git symbolic-ref --short HEAD [0ms]
[2022-06-27T23:09:17.370Z] > git for-each-ref --format=%(refname)%00%(upstream:short)%00%(objectname)%00%(upstream:track)%00%(upstream:remotename)%00%(upstream:remoteref) refs/heads/master refs/remotes/master [1ms]
[2022-06-27T23:09:17.375Z] > git for-each-ref --sort -committerdate --format %(refname) %(objectname) %(*objectname) [3ms]
[2022-06-27T23:09:17.376Z] > git remote --verbose [1ms]
[2022-06-27T23:09:17.382Z] > git config --get commit.template [1ms]
[2022-06-27T23:09:22.421Z] > git status -z -uall [25ms]
[2022-06-27T23:09:22.427Z] > git symbolic-ref --short HEAD [1ms]
[2022-06-27T23:09:22.432Z] > git for-each-ref --format=%(refname)%00%(upstream:short)%00%(objectname)%00%(upstream:track)%00%(upstream:remotename)%00%(upstream:remoteref) refs/heads/master refs/remotes/master [1ms]
[2022-06-27T23:09:22.442Z] > git for-each-ref --sort -committerdate --format %(refname) %(objectname) %(*objectname) [5ms]
[2022-06-27T23:09:22.442Z] > git remote --verbose [1ms]
[2022-06-27T23:09:22.452Z] > git config --get commit.template [1ms]
[2022-06-27T23:09:27.483Z] > git status -z -uall [24ms]
[2022-06-27T23:09:27.491Z] > git symbolic-ref --short HEAD [2ms]
[2022-06-27T23:09:27.501Z] > git for-each-ref --format=%(refname)%00%(upstream:short)%00%(objectname)%00%(upstream:track)%00%(upstream:remotename)%00%(upstream:remoteref) refs/heads/master refs/remotes/master [4ms]
[2022-06-27T23:09:27.508Z] > git for-each-ref --sort -committerdate --format %(refname) %(objectname) %(*objectname) [3ms]
[2022-06-27T23:09:27.509Z] > git remote --verbose [1ms]
[2022-06-27T23:09:27.516Z] > git config --get commit.template [1ms]
[2022-06-27T23:09:32.534Z] > git status -z -uall [10ms]
[2022-06-27T23:09:32.538Z] > git symbolic-ref --short HEAD [1ms]
[2022-06-27T23:09:32.542Z] > git for-each-ref --format=%(refname)%00%(upstream:short)%00%(objectname)%00%(upstream:track)%00%(upstream:remotename)%00%(upstream:remoteref) refs/heads/master refs/remotes/master [1ms]
[2022-06-27T23:09:32.547Z] > git for-each-ref --sort -committerdate --format %(refname) %(objectname) %(*objectname) [3ms]
[2022-06-27T23:09:32.547Z] > git remote --verbose [0ms]
[2022-06-27T23:09:32.554Z] > git config --get commit.template [1ms]
[2022-06-27T23:09:37.571Z] > git status -z -uall [9ms]
[2022-06-27T23:09:37.574Z] > git symbolic-ref --short HEAD [0ms]
[2022-06-27T23:09:37.578Z] > git for-each-ref --format=%(refname)%00%(upstream:short)%00%(objectname)%00%(upstream:track)%00%(upstream:remotename)%00%(upstream:remoteref) refs/heads/master refs/remotes/master [1ms]
[2022-06-27T23:09:37.583Z] > git for-each-ref --sort -committerdate --format %(refname) %(objectname) %(*objectname) [3ms]
[2022-06-27T23:09:37.583Z] > git remote --verbose [0ms]
[2022-06-27T23:09:37.590Z] > git config --get commit.template [2ms]
[2022-06-27T23:09:42.607Z] > git status -z -uall [9ms]
[2022-06-27T23:09:42.611Z] > git symbolic-ref --short HEAD [1ms]
[2022-06-27T23:09:42.614Z] > git for-each-ref --format=%(refname)%00%(upstream:short)%00%(objectname)%00%(upstream:track)%00%(upstream:remotename)%00%(upstream:remoteref) refs/heads/master refs/remotes/master [1ms]
[2022-06-27T23:09:42.620Z] > git for-each-ref --sort -committerdate --format %(refname) %(objectname) %(*objectname) [3ms]
[2022-06-27T23:09:42.620Z] > git remote --verbose [1ms]
[2022-06-27T23:09:42.627Z] > git config --get commit.template [1ms]
[2022-06-27T23:09:47.640Z] > git status -z -uall [9ms]
[2022-06-27T23:09:47.644Z] > git symbolic-ref --short HEAD [0ms]
[2022-06-27T23:09:47.648Z] > git for-each-ref --format=%(refname)%00%(upstream:short)%00%(objectname)%00%(upstream:track)%00%(upstream:remotename)%00%(upstream:remoteref) refs/heads/master refs/remotes/master [1ms]
[2022-06-27T23:09:47.655Z] > git for-each-ref --sort -committerdate --format %(refname) %(objectname) %(*objectname) [4ms]
[2022-06-27T23:09:47.655Z] > git remote --verbose [1ms]
[2022-06-27T23:09:47.662Z] > git config --get commit.template [1ms]
[2022-06-27T23:09:52.674Z] > git status -z -uall [8ms]
[2022-06-27T23:09:52.679Z] > git symbolic-ref --short HEAD [1ms]
[2022-06-27T23:09:52.683Z] > git for-each-ref --format=%(refname)%00%(upstream:short)%00%(objectname)%00%(upstream:track)%00%(upstream:remotename)%00%(upstream:remoteref) refs/heads/master refs/remotes/master [1ms]
[2022-06-27T23:09:52.689Z] > git for-each-ref --sort -committerdate --format %(refname) %(objectname) %(*objectname) [3ms]
[2022-06-27T23:09:52.690Z] > git remote --verbose [1ms]
[2022-06-27T23:09:52.696Z] > git config --get commit.template [1ms]
[2022-06-27T23:09:57.712Z] > git status -z -uall [9ms]
[2022-06-27T23:09:57.716Z] > git symbolic-ref --short HEAD [0ms]
[2022-06-27T23:09:57.720Z] > git for-each-ref --format=%(refname)%00%(upstream:short)%00%(objectname)%00%(upstream:track)%00%(upstream:remotename)%00%(upstream:remoteref) refs/heads/master refs/remotes/master [1ms]
[2022-06-27T23:09:57.727Z] > git for-each-ref --sort -committerdate --format %(refname) %(objectname) %(*objectname) [4ms]
[2022-06-27T23:09:57.727Z] > git remote --verbose [1ms]
[2022-06-27T23:09:57.734Z] > git config --get commit.template [1ms]
[2022-06-27T23:10:02.756Z] > git status -z -uall [11ms]
[2022-06-27T23:10:02.761Z] > git symbolic-ref --short HEAD [1ms]
[2022-06-27T23:10:02.766Z] > git for-each-ref --format=%(refname)%00%(upstream:short)%00%(objectname)%00%(upstream:track)%00%(upstream:remotename)%00%(upstream:remoteref) refs/heads/master refs/remotes/master [1ms]
[2022-06-27T23:10:02.771Z] > git for-each-ref --sort -committerdate --format %(refname) %(objectname) %(*objectname) [3ms]
[2022-06-27T23:10:02.771Z] > git remote --verbose [0ms]
[2022-06-27T23:10:02.777Z] > git config --get commit.template [1ms]
[2022-06-27T23:10:07.794Z] > git status -z -uall [11ms]
[2022-06-27T23:10:07.798Z] > git symbolic-ref --short HEAD [1ms]
[2022-06-27T23:10:07.801Z] > git for-each-ref --format=%(refname)%00%(upstream:short)%00%(objectname)%00%(upstream:track)%00%(upstream:remotename)%00%(upstream:remoteref) refs/heads/master refs/remotes/master [1ms]
[2022-06-27T23:10:07.807Z] > git for-each-ref --sort -committerdate --format %(refname) %(objectname) %(*objectname) [4ms]
[2022-06-27T23:10:07.807Z] > git remote --verbose [1ms]
[2022-06-27T23:10:07.815Z] > git config --get commit.template [2ms]
[2022-06-27T23:10:12.832Z] > git status -z -uall [9ms]
[2022-06-27T23:10:12.835Z] > git symbolic-ref --short HEAD [1ms]
[2022-06-27T23:10:12.839Z] > git for-each-ref --format=%(refname)%00%(upstream:short)%00%(objectname)%00%(upstream:track)%00%(upstream:remotename)%00%(upstream:remoteref) refs/heads/master refs/remotes/master [1ms]
[2022-06-27T23:10:12.844Z] > git for-each-ref --sort -committerdate --format %(refname) %(objectname) %(*objectname) [3ms]
[2022-06-27T23:10:12.844Z] > git remote --verbose [0ms]
[2022-06-27T23:10:12.850Z] > git config --get commit.template [1ms]
[2022-06-27T23:10:17.866Z] > git status -z -uall [12ms]
[2022-06-27T23:10:17.871Z] > git symbolic-ref --short HEAD [1ms]
[2022-06-27T23:10:17.875Z] > git for-each-ref --format=%(refname)%00%(upstream:short)%00%(objectname)%00%(upstream:track)%00%(upstream:remotename)%00%(upstream:remoteref) refs/heads/master refs/remotes/master [1ms]
[2022-06-27T23:10:17.883Z] > git for-each-ref --sort -committerdate --format %(refname) %(objectname) %(*objectname) [4ms]
[2022-06-27T23:10:17.883Z] > git remote --verbose [0ms]
[2022-06-27T23:10:17.890Z] > git config --get commit.template [1ms]
[2022-06-27T23:10:22.908Z] > git status -z -uall [9ms]
[2022-06-27T23:10:22.912Z] > git symbolic-ref --short HEAD [1ms]
[2022-06-27T23:10:22.915Z] > git for-each-ref --format=%(refname)%00%(upstream:short)%00%(objectname)%00%(upstream:track)%00%(upstream:remotename)%00%(upstream:remoteref) refs/heads/master refs/remotes/master [1ms]
[2022-06-27T23:10:22.921Z] > git for-each-ref --sort -committerdate --format %(refname) %(objectname) %(*objectname) [3ms]
[2022-06-27T23:10:22.921Z] > git remote --verbose [1ms]
[2022-06-27T23:10:22.927Z] > git config --get commit.template [1ms]
[2022-06-27T23:10:27.946Z] > git status -z -uall [11ms]
[2022-06-27T23:10:27.950Z] > git symbolic-ref --short HEAD [0ms]
[2022-06-27T23:10:27.955Z] > git for-each-ref --format=%(refname)%00%(upstream:short)%00%(objectname)%00%(upstream:track)%00%(upstream:remotename)%00%(upstream:remoteref) refs/heads/master refs/remotes/master [1ms]
[2022-06-27T23:10:27.963Z] > git for-each-ref --sort -committerdate --format %(refname) %(objectname) %(*objectname) [5ms]
[2022-06-27T23:10:27.963Z] > git remote --verbose [1ms]
[2022-06-27T23:10:27.972Z] > git config --get commit.template [1ms]
[2022-06-27T23:10:32.990Z] > git status -z -uall [10ms]
[2022-06-27T23:10:32.994Z] > git symbolic-ref --short HEAD [1ms]
[2022-06-27T23:10:32.998Z] > git for-each-ref --format=%(refname)%00%(upstream:short)%00%(objectname)%00%(upstream:track)%00%(upstream:remotename)%00%(upstream:remoteref) refs/heads/master refs/remotes/master [1ms]
[2022-06-27T23:10:33.004Z] > git for-each-ref --sort -committerdate --format %(refname) %(objectname) %(*objectname) [3ms]
[2022-06-27T23:10:33.005Z] > git remote --verbose [1ms]
[2022-06-27T23:10:33.013Z] > git config --get commit.template [2ms]
[2022-06-27T23:10:38.031Z] > git status -z -uall [10ms]
[2022-06-27T23:10:38.035Z] > git symbolic-ref --short HEAD [1ms]
[2022-06-27T23:10:38.038Z] > git for-each-ref --format=%(refname)%00%(upstream:short)%00%(objectname)%00%(upstream:track)%00%(upstream:remotename)%00%(upstream:remoteref) refs/heads/master refs/remotes/master [1ms]
[2022-06-27T23:10:38.045Z] > git for-each-ref --sort -committerdate --format %(refname) %(objectname) %(*objectname) [4ms]
[2022-06-27T23:10:38.045Z] > git remote --verbose [1ms]
[2022-06-27T23:10:38.052Z] > git config --get commit.template [2ms]
[2022-06-27T23:10:43.070Z] > git status -z -uall [9ms]
[2022-06-27T23:10:43.074Z] > git symbolic-ref --short HEAD [1ms]
[2022-06-27T23:10:43.078Z] > git for-each-ref --format=%(refname)%00%(upstream:short)%00%(objectname)%00%(upstream:track)%00%(upstream:remotename)%00%(upstream:remoteref) refs/heads/master refs/remotes/master [1ms]
[2022-06-27T23:10:43.083Z] > git for-each-ref --sort -committerdate --format %(refname) %(objectname) %(*objectname) [3ms]
[2022-06-27T23:10:43.083Z] > git remote --verbose [0ms]
[2022-06-27T23:10:43.089Z] > git config --get commit.template [1ms]
[2022-06-27T23:10:48.106Z] > git status -z -uall [9ms]
[2022-06-27T23:10:48.109Z] > git symbolic-ref --short HEAD [0ms]
[2022-06-27T23:10:48.113Z] > git for-each-ref --format=%(refname)%00%(upstream:short)%00%(objectname)%00%(upstream:track)%00%(upstream:remotename)%00%(upstream:remoteref) refs/heads/master refs/remotes/master [1ms]
[2022-06-27T23:10:48.119Z] > git for-each-ref --sort -committerdate --format %(refname) %(objectname) %(*objectname) [3ms]
[2022-06-27T23:10:48.119Z] > git remote --verbose [0ms]
[2022-06-27T23:10:48.126Z] > git config --get commit.template [1ms]
[2022-06-27T23:10:53.142Z] > git status -z -uall [9ms]
[2022-06-27T23:10:53.146Z] > git symbolic-ref --short HEAD [0ms]
[2022-06-27T23:10:53.150Z] > git for-each-ref --format=%(refname)%00%(upstream:short)%00%(objectname)%00%(upstream:track)%00%(upstream:remotename)%00%(upstream:remoteref) refs/heads/master refs/remotes/master [1ms]
[2022-06-27T23:10:53.158Z] > git for-each-ref --sort -committerdate --format %(refname) %(objectname) %(*objectname) [4ms]
[2022-06-27T23:10:53.158Z] > git remote --verbose [1ms]
[2022-06-27T23:10:53.167Z] > git config --get commit.template [2ms]
[2022-06-27T23:10:58.219Z] > git status -z -uall [36ms]
[2022-06-27T23:10:58.227Z] > git symbolic-ref --short HEAD [2ms]
[2022-06-27T23:10:58.235Z] > git for-each-ref --format=%(refname)%00%(upstream:short)%00%(objectname)%00%(upstream:track)%00%(upstream:remotename)%00%(upstream:remoteref) refs/heads/master refs/remotes/master [2ms]
[2022-06-27T23:10:58.248Z] > git for-each-ref --sort -committerdate --format %(refname) %(objectname) %(*objectname) [7ms]
[2022-06-27T23:10:58.248Z] > git remote --verbose [1ms]
[2022-06-27T23:10:58.261Z] > git config --get commit.template [3ms]
[2022-06-27T23:11:03.031Z] > git check-ignore -v -z --stdin [1ms]
[2022-06-27T23:11:03.279Z] > git status -z -uall [10ms]
[2022-06-27T23:11:03.283Z] > git symbolic-ref --short HEAD [0ms]
[2022-06-27T23:11:03.287Z] > git for-each-ref --format=%(refname)%00%(upstream:short)%00%(objectname)%00%(upstream:track)%00%(upstream:remotename)%00%(upstream:remoteref) refs/heads/master refs/remotes/master [1ms]
[2022-06-27T23:11:03.295Z] > git for-each-ref --sort -committerdate --format %(refname) %(objectname) %(*objectname) [4ms]
[2022-06-27T23:11:03.295Z] > git remote --verbose [0ms]
[2022-06-27T23:11:03.304Z] > git config --get commit.template [3ms]
[2022-06-27T23:11:04.308Z] > git check-ignore -v -z --stdin [1ms]
[2022-06-27T23:11:05.686Z] > git show --textconv :systemd/user/default.target.wants/ssh-agent.service [13ms]
[2022-06-27T23:11:05.689Z] > git ls-files --stage -- /home/manu320/.config/systemd/user/default.target.wants/ssh-agent.service [4ms]
[2022-06-27T23:11:05.704Z] > git cat-file -s 4a3ea31986a497ae62a381b50292d04bee53199d [3ms]
[2022-06-27T23:11:08.321Z] > git status -z -uall [9ms]
[2022-06-27T23:11:08.325Z] > git symbolic-ref --short HEAD [1ms]
[2022-06-27T23:11:08.328Z] > git for-each-ref --format=%(refname)%00%(upstream:short)%00%(objectname)%00%(upstream:track)%00%(upstream:remotename)%00%(upstream:remoteref) refs/heads/master refs/remotes/master [0ms]
[2022-06-27T23:11:08.334Z] > git for-each-ref --sort -committerdate --format %(refname) %(objectname) %(*objectname) [3ms]
[2022-06-27T23:11:08.334Z] > git remote --verbose [0ms]
[2022-06-27T23:11:08.341Z] > git config --get commit.template [2ms]
[2022-06-27T23:11:13.358Z] > git status -z -uall [9ms]
[2022-06-27T23:11:13.363Z] > git symbolic-ref --short HEAD [1ms]
[2022-06-27T23:11:13.366Z] > git for-each-ref --format=%(refname)%00%(upstream:short)%00%(objectname)%00%(upstream:track)%00%(upstream:remotename)%00%(upstream:remoteref) refs/heads/master refs/remotes/master [1ms]
[2022-06-27T23:11:13.372Z] > git for-each-ref --sort -committerdate --format %(refname) %(objectname) %(*objectname) [3ms]
[2022-06-27T23:11:13.372Z] > git remote --verbose [1ms]
[2022-06-27T23:11:13.379Z] > git config --get commit.template [1ms]
[2022-06-27T23:11:18.203Z] > git check-ignore -v -z --stdin [1ms]
[2022-06-27T23:11:18.400Z] > git status -z -uall [8ms]
[2022-06-27T23:11:18.404Z] > git symbolic-ref --short HEAD [0ms]
[2022-06-27T23:11:18.408Z] > git for-each-ref --format=%(refname)%00%(upstream:short)%00%(objectname)%00%(upstream:track)%00%(upstream:remotename)%00%(upstream:remoteref) refs/heads/master refs/remotes/master [1ms]
[2022-06-27T23:11:18.414Z] > git for-each-ref --sort -committerdate --format %(refname) %(objectname) %(*objectname) [4ms]
[2022-06-27T23:11:18.414Z] > git remote --verbose [1ms]
[2022-06-27T23:11:18.420Z] > git config --get commit.template [1ms]
[2022-06-27T23:11:18.857Z] > git show --textconv :zathura/catppuccin [12ms]
[2022-06-27T23:11:18.859Z] > git ls-files --stage -- /home/manu320/.config/zathura/catppuccin [3ms]
[2022-06-27T23:11:20.662Z] > git show --textconv :zathura/zathurarc [3ms]
[2022-06-27T23:11:20.662Z] > git ls-files --stage -- /home/manu320/.config/zathura/zathurarc [1ms]
[2022-06-27T23:11:23.435Z] > git status -z -uall [11ms]
[2022-06-27T23:11:23.439Z] > git symbolic-ref --short HEAD [1ms]
[2022-06-27T23:11:23.443Z] > git for-each-ref --format=%(refname)%00%(upstream:short)%00%(objectname)%00%(upstream:track)%00%(upstream:remotename)%00%(upstream:remoteref) refs/heads/master refs/remotes/master [1ms]
[2022-06-27T23:11:23.449Z] > git for-each-ref --sort -committerdate --format %(refname) %(objectname) %(*objectname) [3ms]
[2022-06-27T23:11:23.450Z] > git remote --verbose [1ms]
[2022-06-27T23:11:23.456Z] > git config --get commit.template [1ms]
[2022-06-27T23:11:23.641Z] > git show --textconv :zathura/catppuccin [83ms]
[2022-06-27T23:11:23.641Z] > git ls-files --stage -- /home/manu320/.config/zathura/catppuccin [72ms]
[2022-06-27T23:11:28.475Z] > git status -z -uall [11ms]
[2022-06-27T23:11:28.480Z] > git symbolic-ref --short HEAD [1ms]
[2022-06-27T23:11:28.484Z] > git for-each-ref --format=%(refname)%00%(upstream:short)%00%(objectname)%00%(upstream:track)%00%(upstream:remotename)%00%(upstream:remoteref) refs/heads/master refs/remotes/master [1ms]
[2022-06-27T23:11:28.492Z] > git for-each-ref --sort -committerdate --format %(refname) %(objectname) %(*objectname) [5ms]
[2022-06-27T23:11:28.492Z] > git remote --verbose [1ms]
[2022-06-27T23:11:28.499Z] > git config --get commit.template [1ms]
[2022-06-27T23:11:29.911Z] > git show --textconv :mimeapps.list [7ms]
[2022-06-27T23:11:29.912Z] > git ls-files --stage -- /home/manu320/.config/mimeapps.list [2ms]
[2022-06-27T23:11:29.922Z] > git cat-file -s 8f2c3cceeb494eabb2358707febe0948b16ea44f [2ms]
[2022-06-27T23:11:33.515Z] > git status -z -uall [9ms]
[2022-06-27T23:11:33.519Z] > git symbolic-ref --short HEAD [0ms]
[2022-06-27T23:11:33.523Z] > git for-each-ref --format=%(refname)%00%(upstream:short)%00%(objectname)%00%(upstream:track)%00%(upstream:remotename)%00%(upstream:remoteref) refs/heads/master refs/remotes/master [1ms]
[2022-06-27T23:11:33.529Z] > git for-each-ref --sort -committerdate --format %(refname) %(objectname) %(*objectname) [3ms]
[2022-06-27T23:11:33.530Z] > git remote --verbose [2ms]
[2022-06-27T23:11:33.535Z] > git config --get commit.template [1ms]
[2022-06-27T23:11:34.413Z] > git show --textconv :pavucontrol.ini [12ms]
[2022-06-27T23:11:34.416Z] > git ls-files --stage -- /home/manu320/.config/pavucontrol.ini [4ms]
[2022-06-27T23:11:34.430Z] > git cat-file -s 4cdbf60f750bd5a2c493ab20c1a7e8ffc44de4e9 [3ms]
[2022-06-27T23:11:38.559Z] > git status -z -uall [10ms]
[2022-06-27T23:11:38.563Z] > git symbolic-ref --short HEAD [1ms]
[2022-06-27T23:11:38.566Z] > git for-each-ref --format=%(refname)%00%(upstream:short)%00%(objectname)%00%(upstream:track)%00%(upstream:remotename)%00%(upstream:remoteref) refs/heads/master refs/remotes/master [0ms]
[2022-06-27T23:11:38.573Z] > git for-each-ref --sort -committerdate --format %(refname) %(objectname) %(*objectname) [4ms]
[2022-06-27T23:11:38.573Z] > git remote --verbose [1ms]
[2022-06-27T23:11:38.580Z] > git config --get commit.template [2ms]
[2022-06-27T23:11:39.848Z] > git check-ignore -v -z --stdin [1ms]
[2022-06-27T23:11:40.592Z] > git show --textconv :dunst/dunstrc [4ms]
[2022-06-27T23:11:40.592Z] > git ls-files --stage -- /home/manu320/.config/dunst/dunstrc [1ms]
[2022-06-27T23:11:43.596Z] > git status -z -uall [9ms]
[2022-06-27T23:11:43.601Z] > git symbolic-ref --short HEAD [1ms]
[2022-06-27T23:11:43.604Z] > git for-each-ref --format=%(refname)%00%(upstream:short)%00%(objectname)%00%(upstream:track)%00%(upstream:remotename)%00%(upstream:remoteref) refs/heads/master refs/remotes/master [0ms]
[2022-06-27T23:11:43.611Z] > git for-each-ref --sort -committerdate --format %(refname) %(objectname) %(*objectname) [3ms]
[2022-06-27T23:11:43.611Z] > git remote --verbose [1ms]
[2022-06-27T23:11:43.617Z] > git config --get commit.template [1ms]
[2022-06-27T23:12:08.252Z] > git status -z -uall [9ms]
[2022-06-27T23:12:08.257Z] > git symbolic-ref --short HEAD [1ms]
[2022-06-27T23:12:08.261Z] > git for-each-ref --format=%(refname)%00%(upstream:short)%00%(objectname)%00%(upstream:track)%00%(upstream:remotename)%00%(upstream:remoteref) refs/heads/master refs/remotes/master [1ms]
[2022-06-27T23:12:08.267Z] > git for-each-ref --sort -committerdate --format %(refname) %(objectname) %(*objectname) [3ms]
[2022-06-27T23:12:08.267Z] > git remote --verbose [1ms]
[2022-06-27T23:12:08.274Z] > git config --get commit.template [1ms]
[2022-06-27T23:12:19.547Z] > git status -z -uall [10ms]
[2022-06-27T23:12:19.551Z] > git symbolic-ref --short HEAD [0ms]
[2022-06-27T23:12:19.555Z] > git for-each-ref --format=%(refname)%00%(upstream:short)%00%(objectname)%00%(upstream:track)%00%(upstream:remotename)%00%(upstream:remoteref) refs/heads/master refs/remotes/master [1ms]
[2022-06-27T23:12:19.561Z] > git for-each-ref --sort -committerdate --format %(refname) %(objectname) %(*objectname) [3ms]
[2022-06-27T23:12:19.561Z] > git remote --verbose [1ms]
[2022-06-27T23:12:19.566Z] > git config --get commit.template [1ms]
[2022-06-27T23:12:23.784Z] > git check-ignore -v -z --stdin [1ms]
[2022-06-27T23:12:24.536Z] > git show --textconv :pulse/cc4b4a6698bb4c66aa1200bd9e357ab9-default-sink [4ms]
[2022-06-27T23:12:24.537Z] > git ls-files --stage -- /home/manu320/.config/pulse/cc4b4a6698bb4c66aa1200bd9e357ab9-default-sink [2ms]
[2022-06-27T23:12:24.542Z] > git cat-file -s 8b137891791fe96927ad78e64b0aad7bded08bdc [1ms]
[2022-06-27T23:12:24.625Z] > git status -z -uall [44ms]
[2022-06-27T23:12:24.631Z] > git symbolic-ref --short HEAD [1ms]
[2022-06-27T23:12:24.636Z] > git for-each-ref --format=%(refname)%00%(upstream:short)%00%(objectname)%00%(upstream:track)%00%(upstream:remotename)%00%(upstream:remoteref) refs/heads/master refs/remotes/master [1ms]
[2022-06-27T23:12:24.643Z] > git for-each-ref --sort -committerdate --format %(refname) %(objectname) %(*objectname) [3ms]
[2022-06-27T23:12:24.643Z] > git remote --verbose [1ms]
[2022-06-27T23:12:24.650Z] > git config --get commit.template [1ms]
[2022-06-27T23:12:28.132Z] > git check-ignore -v -z --stdin [1ms]
[2022-06-27T23:12:29.667Z] > git status -z -uall [9ms]
[2022-06-27T23:12:29.672Z] > git symbolic-ref --short HEAD [1ms]
[2022-06-27T23:12:29.676Z] > git for-each-ref --format=%(refname)%00%(upstream:short)%00%(objectname)%00%(upstream:track)%00%(upstream:remotename)%00%(upstream:remoteref) refs/heads/master refs/remotes/master [1ms]
[2022-06-27T23:12:29.683Z] > git for-each-ref --sort -committerdate --format %(refname) %(objectname) %(*objectname) [4ms]
[2022-06-27T23:12:29.683Z] > git remote --verbose [1ms]
[2022-06-27T23:12:29.690Z] > git config --get commit.template [1ms]
[2022-06-27T23:12:30.626Z] > git check-ignore -v -z --stdin [4ms]
[2022-06-27T23:12:33.728Z] > git check-ignore -v -z --stdin [2ms]
[2022-06-27T23:12:34.705Z] > git status -z -uall [9ms]
[2022-06-27T23:12:34.709Z] > git symbolic-ref --short HEAD [0ms]
[2022-06-27T23:12:34.713Z] > git for-each-ref --format=%(refname)%00%(upstream:short)%00%(objectname)%00%(upstream:track)%00%(upstream:remotename)%00%(upstream:remoteref) refs/heads/master refs/remotes/master [0ms]
[2022-06-27T23:12:34.719Z] > git for-each-ref --sort -committerdate --format %(refname) %(objectname) %(*objectname) [4ms]
[2022-06-27T23:12:34.719Z] > git remote --verbose [1ms]
[2022-06-27T23:12:34.727Z] > git config --get commit.template [3ms]
[2022-06-27T23:12:36.686Z] > git check-ignore -v -z --stdin [1ms]
[2022-06-27T23:12:39.750Z] > git status -z -uall [10ms]
[2022-06-27T23:12:39.754Z] > git symbolic-ref --short HEAD [1ms]
[2022-06-27T23:12:39.757Z] > git for-each-ref --format=%(refname)%00%(upstream:short)%00%(objectname)%00%(upstream:track)%00%(upstream:remotename)%00%(upstream:remoteref) refs/heads/master refs/remotes/master [1ms]
[2022-06-27T23:12:39.763Z] > git for-each-ref --sort -committerdate --format %(refname) %(objectname) %(*objectname) [3ms]
[2022-06-27T23:12:39.763Z] > git remote --verbose [1ms]
[2022-06-27T23:12:39.769Z] > git config --get commit.template [1ms]
[2022-06-27T23:12:40.571Z] > git check-ignore -v -z --stdin [0ms]
[2022-06-27T23:12:42.196Z] > git show --textconv :kitty/kitty.conf [5ms]
[2022-06-27T23:12:42.197Z] > git ls-files --stage -- /home/manu320/.config/kitty/kitty.conf [2ms]
[2022-06-27T23:12:44.783Z] > git status -z -uall [9ms]
[2022-06-27T23:12:44.788Z] > git symbolic-ref --short HEAD [0ms]
[2022-06-27T23:12:44.793Z] > git for-each-ref --format=%(refname)%00%(upstream:short)%00%(objectname)%00%(upstream:track)%00%(upstream:remotename)%00%(upstream:remoteref) refs/heads/master refs/remotes/master [1ms]
[2022-06-27T23:12:44.799Z] > git for-each-ref --sort -committerdate --format %(refname) %(objectname) %(*objectname) [3ms]
[2022-06-27T23:12:44.800Z] > git remote --verbose [1ms]
[2022-06-27T23:12:44.807Z] > git config --get commit.template [2ms]
[2022-06-27T23:12:49.828Z] > git status -z -uall [16ms]
[2022-06-27T23:12:49.835Z] > git symbolic-ref --short HEAD [2ms]
[2022-06-27T23:12:49.841Z] > git for-each-ref --format=%(refname)%00%(upstream:short)%00%(objectname)%00%(upstream:track)%00%(upstream:remotename)%00%(upstream:remoteref) refs/heads/master refs/remotes/master [1ms]
[2022-06-27T23:12:49.852Z] > git for-each-ref --sort -committerdate --format %(refname) %(objectname) %(*objectname) [6ms]
[2022-06-27T23:12:49.852Z] > git remote --verbose [1ms]
[2022-06-27T23:12:49.862Z] > git config --get commit.template [1ms]
[2022-06-27T23:12:54.913Z] > git status -z -uall [36ms]
[2022-06-27T23:12:54.921Z] > git symbolic-ref --short HEAD [1ms]
[2022-06-27T23:12:54.929Z] > git for-each-ref --format=%(refname)%00%(upstream:short)%00%(objectname)%00%(upstream:track)%00%(upstream:remotename)%00%(upstream:remoteref) refs/heads/master refs/remotes/master [1ms]
[2022-06-27T23:12:54.943Z] > git for-each-ref --sort -committerdate --format %(refname) %(objectname) %(*objectname) [7ms]
[2022-06-27T23:12:54.943Z] > git remote --verbose [1ms]
[2022-06-27T23:12:54.957Z] > git config --get commit.template [3ms]
[2022-06-27T23:12:59.975Z] > git status -z -uall [11ms]
[2022-06-27T23:12:59.978Z] > git symbolic-ref --short HEAD [0ms]
[2022-06-27T23:12:59.982Z] > git for-each-ref --format=%(refname)%00%(upstream:short)%00%(objectname)%00%(upstream:track)%00%(upstream:remotename)%00%(upstream:remoteref) refs/heads/master refs/remotes/master [1ms]
[2022-06-27T23:12:59.988Z] > git for-each-ref --sort -committerdate --format %(refname) %(objectname) %(*objectname) [3ms]
[2022-06-27T23:12:59.989Z] > git remote --verbose [1ms]
[2022-06-27T23:12:59.995Z] > git config --get commit.template [1ms]
[2022-06-27T23:13:05.014Z] > git status -z -uall [9ms]
[2022-06-27T23:13:05.018Z] > git symbolic-ref --short HEAD [0ms]
[2022-06-27T23:13:05.022Z] > git for-each-ref --format=%(refname)%00%(upstream:short)%00%(objectname)%00%(upstream:track)%00%(upstream:remotename)%00%(upstream:remoteref) refs/heads/master refs/remotes/master [1ms]
[2022-06-27T23:13:05.028Z] > git for-each-ref --sort -committerdate --format %(refname) %(objectname) %(*objectname) [3ms]
[2022-06-27T23:13:05.029Z] > git remote --verbose [1ms]
[2022-06-27T23:13:05.036Z] > git config --get commit.template [1ms]
[2022-06-27T23:13:09.328Z] > git check-ignore -v -z --stdin [3ms]
[2022-06-27T23:13:10.052Z] > git status -z -uall [9ms]
[2022-06-27T23:13:10.055Z] > git symbolic-ref --short HEAD [0ms]
[2022-06-27T23:13:10.059Z] > git for-each-ref --format=%(refname)%00%(upstream:short)%00%(objectname)%00%(upstream:track)%00%(upstream:remotename)%00%(upstream:remoteref) refs/heads/master refs/remotes/master [1ms]
[2022-06-27T23:13:10.065Z] > git for-each-ref --sort -committerdate --format %(refname) %(objectname) %(*objectname) [3ms]
[2022-06-27T23:13:10.065Z] > git remote --verbose [1ms]
[2022-06-27T23:13:10.073Z] > git config --get commit.template [2ms]
[2022-06-27T23:13:15.093Z] > git status -z -uall [13ms]
[2022-06-27T23:13:15.097Z] > git symbolic-ref --short HEAD [1ms]
[2022-06-27T23:13:15.100Z] > git for-each-ref --format=%(refname)%00%(upstream:short)%00%(objectname)%00%(upstream:track)%00%(upstream:remotename)%00%(upstream:remoteref) refs/heads/master refs/remotes/master [1ms]
[2022-06-27T23:13:15.106Z] > git for-each-ref --sort -committerdate --format %(refname) %(objectname) %(*objectname) [3ms]
[2022-06-27T23:13:15.106Z] > git remote --verbose [1ms]
[2022-06-27T23:13:15.112Z] > git config --get commit.template [1ms]
[2022-06-27T23:13:20.135Z] > git status -z -uall [9ms]
[2022-06-27T23:13:20.139Z] > git symbolic-ref --short HEAD [0ms]
[2022-06-27T23:13:20.143Z] > git for-each-ref --format=%(refname)%00%(upstream:short)%00%(objectname)%00%(upstream:track)%00%(upstream:remotename)%00%(upstream:remoteref) refs/heads/master refs/remotes/master [1ms]
[2022-06-27T23:13:20.149Z] > git for-each-ref --sort -committerdate --format %(refname) %(objectname) %(*objectname) [3ms]
[2022-06-27T23:13:20.149Z] > git remote --verbose [1ms]
[2022-06-27T23:13:20.155Z] > git config --get commit.template [1ms]
[2022-06-27T23:13:26.499Z] > git status -z -uall [10ms]
[2022-06-27T23:13:26.503Z] > git symbolic-ref --short HEAD [1ms]
[2022-06-27T23:13:26.507Z] > git for-each-ref --format=%(refname)%00%(upstream:short)%00%(objectname)%00%(upstream:track)%00%(upstream:remotename)%00%(upstream:remoteref) refs/heads/master refs/remotes/master [1ms]
[2022-06-27T23:13:26.514Z] > git for-each-ref --sort -committerdate --format %(refname) %(objectname) %(*objectname) [4ms]
[2022-06-27T23:13:26.514Z] > git remote --verbose [1ms]
[2022-06-27T23:13:26.520Z] > git config --get commit.template [1ms]
[2022-06-27T23:13:31.922Z] > git status -z -uall [10ms]
[2022-06-27T23:13:31.927Z] > git symbolic-ref --short HEAD [0ms]
[2022-06-27T23:13:31.932Z] > git for-each-ref --format=%(refname)%00%(upstream:short)%00%(objectname)%00%(upstream:track)%00%(upstream:remotename)%00%(upstream:remoteref) refs/heads/master refs/remotes/master [1ms]
[2022-06-27T23:13:31.939Z] > git for-each-ref --sort -committerdate --format %(refname) %(objectname) %(*objectname) [4ms]
[2022-06-27T23:13:31.939Z] > git remote --verbose [1ms]
[2022-06-27T23:13:31.945Z] > git config --get commit.template [1ms]
[2022-06-27T23:13:36.994Z] > git status -z -uall [36ms]
[2022-06-27T23:13:37.002Z] > git symbolic-ref --short HEAD [1ms]
[2022-06-27T23:13:37.010Z] > git for-each-ref --format=%(refname)%00%(upstream:short)%00%(objectname)%00%(upstream:track)%00%(upstream:remotename)%00%(upstream:remoteref) refs/heads/master refs/remotes/master [2ms]
[2022-06-27T23:13:37.023Z] > git for-each-ref --sort -committerdate --format %(refname) %(objectname) %(*objectname) [7ms]
[2022-06-27T23:13:37.024Z] > git remote --verbose [2ms]
[2022-06-27T23:13:37.037Z] > git config --get commit.template [2ms]
[2022-06-27T23:13:42.053Z] > git status -z -uall [10ms]
[2022-06-27T23:13:42.057Z] > git symbolic-ref --short HEAD [1ms]
[2022-06-27T23:13:42.061Z] > git for-each-ref --format=%(refname)%00%(upstream:short)%00%(objectname)%00%(upstream:track)%00%(upstream:remotename)%00%(upstream:remoteref) refs/heads/master refs/remotes/master [1ms]
[2022-06-27T23:13:42.066Z] > git for-each-ref --sort -committerdate --format %(refname) %(objectname) %(*objectname) [3ms]
[2022-06-27T23:13:42.067Z] > git remote --verbose [1ms]
[2022-06-27T23:13:42.073Z] > git config --get commit.template [2ms]
[2022-06-27T23:13:47.089Z] > git status -z -uall [9ms]
[2022-06-27T23:13:47.094Z] > git symbolic-ref --short HEAD [1ms]
[2022-06-27T23:13:47.097Z] > git for-each-ref --format=%(refname)%00%(upstream:short)%00%(objectname)%00%(upstream:track)%00%(upstream:remotename)%00%(upstream:remoteref) refs/heads/master refs/remotes/master [0ms]
[2022-06-27T23:13:47.104Z] > git for-each-ref --sort -committerdate --format %(refname) %(objectname) %(*objectname) [3ms]
[2022-06-27T23:13:47.105Z] > git remote --verbose [1ms]
[2022-06-27T23:13:47.111Z] > git config --get commit.template [2ms]
[2022-06-27T23:13:52.129Z] > git status -z -uall [9ms]
[2022-06-27T23:13:52.133Z] > git symbolic-ref --short HEAD [1ms]
[2022-06-27T23:13:52.136Z] > git for-each-ref --format=%(refname)%00%(upstream:short)%00%(objectname)%00%(upstream:track)%00%(upstream:remotename)%00%(upstream:remoteref) refs/heads/master refs/remotes/master [0ms]
[2022-06-27T23:13:52.142Z] > git for-each-ref --sort -committerdate --format %(refname) %(objectname) %(*objectname) [3ms]
[2022-06-27T23:13:52.142Z] > git remote --verbose [0ms]
[2022-06-27T23:13:52.149Z] > git config --get commit.template [2ms]
[2022-06-27T23:13:57.171Z] > git status -z -uall [9ms]
[2022-06-27T23:13:57.175Z] > git symbolic-ref --short HEAD [1ms]
[2022-06-27T23:13:57.178Z] > git for-each-ref --format=%(refname)%00%(upstream:short)%00%(objectname)%00%(upstream:track)%00%(upstream:remotename)%00%(upstream:remoteref) refs/heads/master refs/remotes/master [1ms]
[2022-06-27T23:13:57.184Z] > git for-each-ref --sort -committerdate --format %(refname) %(objectname) %(*objectname) [3ms]
[2022-06-27T23:13:57.185Z] > git remote --verbose [0ms]
[2022-06-27T23:13:57.191Z] > git config --get commit.template [1ms]
[2022-06-27T23:14:02.207Z] > git status -z -uall [9ms]
[2022-06-27T23:14:02.211Z] > git symbolic-ref --short HEAD [1ms]
[2022-06-27T23:14:02.215Z] > git for-each-ref --format=%(refname)%00%(upstream:short)%00%(objectname)%00%(upstream:track)%00%(upstream:remotename)%00%(upstream:remoteref) refs/heads/master refs/remotes/master [1ms]
[2022-06-27T23:14:02.221Z] > git for-each-ref --sort -committerdate --format %(refname) %(objectname) %(*objectname) [4ms]
[2022-06-27T23:14:02.221Z] > git remote --verbose [1ms]
[2022-06-27T23:14:02.228Z] > git config --get commit.template [2ms]
[2022-06-27T23:14:07.242Z] > git status -z -uall [10ms]
[2022-06-27T23:14:07.246Z] > git symbolic-ref --short HEAD [1ms]
[2022-06-27T23:14:07.250Z] > git for-each-ref --format=%(refname)%00%(upstream:short)%00%(objectname)%00%(upstream:track)%00%(upstream:remotename)%00%(upstream:remoteref) refs/heads/master refs/remotes/master [1ms]
[2022-06-27T23:14:07.258Z] > git for-each-ref --sort -committerdate --format %(refname) %(objectname) %(*objectname) [4ms]
[2022-06-27T23:14:07.258Z] > git remote --verbose [1ms]
[2022-06-27T23:14:07.265Z] > git config --get commit.template [2ms]
[2022-06-27T23:14:07.651Z] > git show --textconv :qtile/config.py [6ms]
[2022-06-27T23:14:07.651Z] > git ls-files --stage -- /home/manu320/.config/qtile/config.py [1ms]
[2022-06-27T23:14:07.657Z] > git cat-file -s 20316eaafb8038f98b29cca1a0d7a5b38c384037 [1ms]
[2022-06-27T23:14:09.079Z] > git check-ignore -v -z --stdin [6ms]
[2022-06-27T23:14:12.282Z] > git status -z -uall [9ms]
[2022-06-27T23:14:12.286Z] > git symbolic-ref --short HEAD [0ms]
[2022-06-27T23:14:12.290Z] > git for-each-ref --format=%(refname)%00%(upstream:short)%00%(objectname)%00%(upstream:track)%00%(upstream:remotename)%00%(upstream:remoteref) refs/heads/master refs/remotes/master [1ms]
[2022-06-27T23:14:12.296Z] > git for-each-ref --sort -committerdate --format %(refname) %(objectname) %(*objectname) [3ms]
[2022-06-27T23:14:12.296Z] > git remote --verbose [1ms]
[2022-06-27T23:14:12.303Z] > git config --get commit.template [1ms]
[2022-06-27T23:14:17.327Z] > git status -z -uall [18ms]
[2022-06-27T23:14:17.334Z] > git symbolic-ref --short HEAD [1ms]
[2022-06-27T23:14:17.342Z] > git for-each-ref --format=%(refname)%00%(upstream:short)%00%(objectname)%00%(upstream:track)%00%(upstream:remotename)%00%(upstream:remoteref) refs/heads/master refs/remotes/master [2ms]
[2022-06-27T23:14:17.355Z] > git for-each-ref --sort -committerdate --format %(refname) %(objectname) %(*objectname) [7ms]
[2022-06-27T23:14:17.356Z] > git remote --verbose [3ms]
[2022-06-27T23:14:17.373Z] > git config --get commit.template [11ms]
[2022-06-27T23:14:23.143Z] > git status -z -uall [11ms]
[2022-06-27T23:14:23.147Z] > git symbolic-ref --short HEAD [1ms]
[2022-06-27T23:14:23.151Z] > git for-each-ref --format=%(refname)%00%(upstream:short)%00%(objectname)%00%(upstream:track)%00%(upstream:remotename)%00%(upstream:remoteref) refs/heads/master refs/remotes/master [1ms]
[2022-06-27T23:14:23.158Z] > git for-each-ref --sort -committerdate --format %(refname) %(objectname) %(*objectname) [3ms]
[2022-06-27T23:14:23.158Z] > git remote --verbose [1ms]
[2022-06-27T23:14:23.165Z] > git config --get commit.template [1ms]
[2022-06-27T23:14:28.185Z] > git status -z -uall [11ms]
[2022-06-27T23:14:28.189Z] > git symbolic-ref --short HEAD [1ms]
[2022-06-27T23:14:28.193Z] > git for-each-ref --format=%(refname)%00%(upstream:short)%00%(objectname)%00%(upstream:track)%00%(upstream:remotename)%00%(upstream:remoteref) refs/heads/master refs/remotes/master [1ms]
[2022-06-27T23:14:28.200Z] > git remote --verbose [1ms]
[2022-06-27T23:14:28.200Z] > git for-each-ref --sort -committerdate --format %(refname) %(objectname) %(*objectname) [4ms]
[2022-06-27T23:14:28.208Z] > git config --get commit.template [1ms]
[2022-06-27T23:14:33.298Z] > git status -z -uall [10ms]
[2022-06-27T23:14:33.302Z] > git symbolic-ref --short HEAD [1ms]
[2022-06-27T23:14:33.305Z] > git for-each-ref --format=%(refname)%00%(upstream:short)%00%(objectname)%00%(upstream:track)%00%(upstream:remotename)%00%(upstream:remoteref) refs/heads/master refs/remotes/master [0ms]
[2022-06-27T23:14:33.311Z] > git for-each-ref --sort -committerdate --format %(refname) %(objectname) %(*objectname) [3ms]
[2022-06-27T23:14:33.311Z] > git remote --verbose [0ms]
[2022-06-27T23:14:33.322Z] > git config --get commit.template [1ms]
[2022-06-27T23:14:38.367Z] > git status -z -uall [30ms]
[2022-06-27T23:14:38.371Z] > git symbolic-ref --short HEAD [1ms]
[2022-06-27T23:14:38.375Z] > git for-each-ref --format=%(refname)%00%(upstream:short)%00%(objectname)%00%(upstream:track)%00%(upstream:remotename)%00%(upstream:remoteref) refs/heads/master refs/remotes/master [1ms]
[2022-06-27T23:14:38.381Z] > git for-each-ref --sort -committerdate --format %(refname) %(objectname) %(*objectname) [4ms]
[2022-06-27T23:14:38.381Z] > git remote --verbose [1ms]
[2022-06-27T23:14:38.389Z] > git config --get commit.template [0ms]
[2022-06-27T23:14:44.255Z] > git status -z -uall [12ms]
[2022-06-27T23:14:44.260Z] > git symbolic-ref --short HEAD [1ms]
[2022-06-27T23:14:44.264Z] > git for-each-ref --format=%(refname)%00%(upstream:short)%00%(objectname)%00%(upstream:track)%00%(upstream:remotename)%00%(upstream:remoteref) refs/heads/master refs/remotes/master [1ms]
[2022-06-27T23:14:44.270Z] > git for-each-ref --sort -committerdate --format %(refname) %(objectname) %(*objectname) [3ms]
[2022-06-27T23:14:44.270Z] > git remote --verbose [0ms]
[2022-06-27T23:14:44.282Z] > git config --get commit.template [1ms]
[2022-06-27T23:14:44.835Z] > git check-ignore -v -z --stdin [1ms]
[2022-06-27T23:14:46.154Z] > git show --textconv :qtile/autostart.sh [4ms]
[2022-06-27T23:14:46.154Z] > git ls-files --stage -- /home/manu320/.config/qtile/autostart.sh [0ms]
[2022-06-27T23:14:49.301Z] > git status -z -uall [11ms]
[2022-06-27T23:14:49.307Z] > git symbolic-ref --short HEAD [1ms]
[2022-06-27T23:14:49.312Z] > git for-each-ref --format=%(refname)%00%(upstream:short)%00%(objectname)%00%(upstream:track)%00%(upstream:remotename)%00%(upstream:remoteref) refs/heads/master refs/remotes/master [1ms]
[2022-06-27T23:14:49.321Z] > git for-each-ref --sort -committerdate --format %(refname) %(objectname) %(*objectname) [5ms]
[2022-06-27T23:14:49.321Z] > git remote --verbose [1ms]
[2022-06-27T23:14:49.335Z] > git config --get commit.template [2ms]
[2022-06-27T23:14:54.360Z] > git status -z -uall [17ms]
[2022-06-27T23:14:54.368Z] > git symbolic-ref --short HEAD [1ms]
[2022-06-27T23:14:54.376Z] > git for-each-ref --format=%(refname)%00%(upstream:short)%00%(objectname)%00%(upstream:track)%00%(upstream:remotename)%00%(upstream:remoteref) refs/heads/master refs/remotes/master [2ms]
[2022-06-27T23:14:54.390Z] > git for-each-ref --sort -committerdate --format %(refname) %(objectname) %(*objectname) [7ms]
[2022-06-27T23:14:54.390Z] > git remote --verbose [1ms]
[2022-06-27T23:14:54.411Z] > git config --get commit.template [4ms]
