[2022-06-27T21:49:21.254Z] Log level: Info
[2022-06-27T21:49:21.255Z] [info] Validating found git in: git
[2022-06-27T21:49:21.263Z] [info] Using git 2.36.1 from git
[2022-06-27T21:49:21.274Z] > git rev-parse --show-toplevel [3ms]
[2022-06-27T21:49:21.274Z] fatal: not a git repository (or any of the parent directories): .git
[2022-06-27T21:49:21.283Z] > git rev-parse --show-toplevel [4ms]
[2022-06-27T21:49:21.283Z] fatal: not a git repository (or any of the parent directories): .git
[2022-06-27T21:49:21.291Z] > git rev-parse --show-toplevel [3ms]
[2022-06-27T21:49:21.291Z] fatal: not a git repository (or any of the parent directories): .git
[2022-06-27T21:49:21.510Z] > git rev-parse --show-toplevel [215ms]
[2022-06-27T21:49:21.510Z] fatal: not a git repository (or any of the parent directories): .git
[2022-06-27T21:49:21.549Z] > git rev-parse --show-toplevel [35ms]
[2022-06-27T21:49:21.549Z] fatal: not a git repository (or any of the parent directories): .git
[2022-06-27T21:49:21.554Z] > git rev-parse --show-toplevel [1ms]
[2022-06-27T21:49:21.554Z] fatal: not a git repository (or any of the parent directories): .git
[2022-06-27T21:49:21.561Z] > git rev-parse --show-toplevel [2ms]
[2022-06-27T21:49:21.561Z] fatal: not a git repository (or any of the parent directories): .git
[2022-06-27T21:49:21.566Z] > git rev-parse --show-toplevel [1ms]
[2022-06-27T21:49:21.566Z] fatal: not a git repository (or any of the parent directories): .git
[2022-06-27T21:49:21.571Z] > git rev-parse --show-toplevel [0ms]
[2022-06-27T21:49:21.571Z] fatal: not a git repository (or any of the parent directories): .git
[2022-06-27T21:49:21.576Z] > git rev-parse --show-toplevel [1ms]
[2022-06-27T21:49:21.576Z] fatal: not a git repository (or any of the parent directories): .git
[2022-06-27T21:49:21.581Z] > git rev-parse --show-toplevel [1ms]
[2022-06-27T21:49:21.581Z] fatal: not a git repository (or any of the parent directories): .git
[2022-06-27T21:59:51.358Z] > git rev-parse --show-toplevel [7ms]
[2022-06-27T21:59:51.358Z] fatal: not a git repository (or any of the parent directories): .git
[2022-06-27T22:17:37.947Z] > git rev-parse --show-toplevel [1ms]
[2022-06-27T22:17:37.952Z] > git rev-parse --git-dir --git-common-dir [1ms]
[2022-06-27T22:17:37.956Z] [info] Open repository: /home/manu320/.config
[2022-06-27T22:17:37.966Z] > git status -z -uall [5ms]
[2022-06-27T22:17:37.970Z] > git symbolic-ref --short HEAD [0ms]
[2022-06-27T22:17:37.975Z] > git for-each-ref --format=%(refname)%00%(upstream:short)%00%(objectname)%00%(upstream:track)%00%(upstream:remotename)%00%(upstream:remoteref) refs/heads/main refs/remotes/main [1ms]
[2022-06-27T22:17:37.982Z] > git remote --verbose [2ms]
[2022-06-27T22:17:37.983Z] > git for-each-ref --sort -committerdate --format %(refname) %(objectname) %(*objectname) [5ms]
[2022-06-27T22:17:38.038Z] > git config --get commit.template [0ms]
[2022-06-27T22:17:38.584Z] > git check-ignore -v -z --stdin [7ms]
[2022-06-27T22:17:38.629Z] > git show --textconv :rofi/config.rasi [6ms]
[2022-06-27T22:17:38.629Z] > git ls-files --stage -- /home/manu320/.config/rofi/config.rasi [1ms]
[2022-06-27T22:17:39.896Z] > git status -z -uall [6ms]
[2022-06-27T22:17:39.899Z] > git symbolic-ref --short HEAD [0ms]
[2022-06-27T22:17:39.903Z] > git for-each-ref --format=%(refname)%00%(upstream:short)%00%(objectname)%00%(upstream:track)%00%(upstream:remotename)%00%(upstream:remoteref) refs/heads/main refs/remotes/main [1ms]
[2022-06-27T22:17:39.909Z] > git for-each-ref --sort -committerdate --format %(refname) %(objectname) %(*objectname) [3ms]
[2022-06-27T22:17:39.910Z] > git remote --verbose [1ms]
[2022-06-27T22:17:39.942Z] > git config --get commit.template [2ms]
[2022-06-27T22:17:44.955Z] > git status -z -uall [4ms]
[2022-06-27T22:17:44.959Z] > git symbolic-ref --short HEAD [0ms]
[2022-06-27T22:17:44.963Z] > git for-each-ref --format=%(refname)%00%(upstream:short)%00%(objectname)%00%(upstream:track)%00%(upstream:remotename)%00%(upstream:remoteref) refs/heads/main refs/remotes/main [0ms]
[2022-06-27T22:17:44.970Z] > git for-each-ref --sort -committerdate --format %(refname) %(objectname) %(*objectname) [3ms]
[2022-06-27T22:17:44.971Z] > git remote --verbose [1ms]
[2022-06-27T22:17:45.003Z] > git config --get commit.template [4ms]
[2022-06-27T22:17:50.015Z] > git status -z -uall [6ms]
[2022-06-27T22:17:50.019Z] > git symbolic-ref --short HEAD [0ms]
[2022-06-27T22:17:50.024Z] > git for-each-ref --format=%(refname)%00%(upstream:short)%00%(objectname)%00%(upstream:track)%00%(upstream:remotename)%00%(upstream:remoteref) refs/heads/main refs/remotes/main [0ms]
[2022-06-27T22:17:50.031Z] > git for-each-ref --sort -committerdate --format %(refname) %(objectname) %(*objectname) [3ms]
[2022-06-27T22:17:50.032Z] > git remote --verbose [1ms]
[2022-06-27T22:17:50.074Z] > git config --get commit.template [4ms]
[2022-06-27T22:17:55.087Z] > git status -z -uall [5ms]
[2022-06-27T22:17:55.092Z] > git symbolic-ref --short HEAD [1ms]
[2022-06-27T22:17:55.098Z] > git for-each-ref --format=%(refname)%00%(upstream:short)%00%(objectname)%00%(upstream:track)%00%(upstream:remotename)%00%(upstream:remoteref) refs/heads/main refs/remotes/main [1ms]
[2022-06-27T22:17:55.106Z] > git for-each-ref --sort -committerdate --format %(refname) %(objectname) %(*objectname) [4ms]
[2022-06-27T22:17:55.107Z] > git remote --verbose [2ms]
[2022-06-27T22:17:55.159Z] > git config --get commit.template [10ms]
[2022-06-27T22:18:00.196Z] > git status -z -uall [21ms]
[2022-06-27T22:18:00.214Z] > git symbolic-ref --short HEAD [4ms]
[2022-06-27T22:18:00.231Z] > git for-each-ref --format=%(refname)%00%(upstream:short)%00%(objectname)%00%(upstream:track)%00%(upstream:remotename)%00%(upstream:remoteref) refs/heads/main refs/remotes/main [3ms]
[2022-06-27T22:18:00.256Z] > git for-each-ref --sort -committerdate --format %(refname) %(objectname) %(*objectname) [11ms]
[2022-06-27T22:18:00.257Z] > git remote --verbose [2ms]
[2022-06-27T22:18:00.292Z] > git config --get commit.template [3ms]
[2022-06-27T22:18:05.306Z] > git status -z -uall [5ms]
[2022-06-27T22:18:05.311Z] > git symbolic-ref --short HEAD [1ms]
[2022-06-27T22:18:05.316Z] > git for-each-ref --format=%(refname)%00%(upstream:short)%00%(objectname)%00%(upstream:track)%00%(upstream:remotename)%00%(upstream:remoteref) refs/heads/main refs/remotes/main [1ms]
[2022-06-27T22:18:05.324Z] > git for-each-ref --sort -committerdate --format %(refname) %(objectname) %(*objectname) [5ms]
[2022-06-27T22:18:05.325Z] > git remote --verbose [2ms]
[2022-06-27T22:18:05.373Z] > git config --get commit.template [10ms]
[2022-06-27T22:18:10.385Z] > git status -z -uall [4ms]
[2022-06-27T22:18:10.389Z] > git symbolic-ref --short HEAD [0ms]
[2022-06-27T22:18:10.393Z] > git for-each-ref --format=%(refname)%00%(upstream:short)%00%(objectname)%00%(upstream:track)%00%(upstream:remotename)%00%(upstream:remoteref) refs/heads/main refs/remotes/main [1ms]
[2022-06-27T22:18:10.400Z] > git for-each-ref --sort -committerdate --format %(refname) %(objectname) %(*objectname) [4ms]
[2022-06-27T22:18:10.400Z] > git remote --verbose [1ms]
[2022-06-27T22:18:10.435Z] > git config --get commit.template [4ms]
[2022-06-27T22:18:10.435Z] > git ls-files --stage -- /home/manu320/.config/rofi/config.rasi [7ms]
[2022-06-27T22:18:10.442Z] > git show --textconv :rofi/config.rasi [1ms]
[2022-06-27T22:18:15.445Z] > git status -z -uall [5ms]
[2022-06-27T22:18:15.450Z] > git symbolic-ref --short HEAD [1ms]
[2022-06-27T22:18:15.454Z] > git for-each-ref --format=%(refname)%00%(upstream:short)%00%(objectname)%00%(upstream:track)%00%(upstream:remotename)%00%(upstream:remoteref) refs/heads/main refs/remotes/main [1ms]
[2022-06-27T22:18:15.461Z] > git remote --verbose [0ms]
[2022-06-27T22:18:15.461Z] > git for-each-ref --sort -committerdate --format %(refname) %(objectname) %(*objectname) [4ms]
[2022-06-27T22:18:15.493Z] > git config --get commit.template [4ms]
[2022-06-27T22:18:20.506Z] > git status -z -uall [7ms]
[2022-06-27T22:18:20.512Z] > git symbolic-ref --short HEAD [1ms]
[2022-06-27T22:18:20.519Z] > git for-each-ref --format=%(refname)%00%(upstream:short)%00%(objectname)%00%(upstream:track)%00%(upstream:remotename)%00%(upstream:remoteref) refs/heads/main refs/remotes/main [1ms]
[2022-06-27T22:18:20.531Z] > git for-each-ref --sort -committerdate --format %(refname) %(objectname) %(*objectname) [7ms]
[2022-06-27T22:18:20.531Z] > git remote --verbose [1ms]
[2022-06-27T22:18:20.584Z] > git config --get commit.template [7ms]
[2022-06-27T22:18:21.751Z] > git ls-files --stage -- /home/manu320/.config/rofi/config.rasi [1ms]
[2022-06-27T22:18:21.755Z] > git cat-file -s 0816fcec89dbc88a24be74bfd70a25499ab13884 [1ms]
[2022-06-27T22:18:21.763Z] > git show --textconv :rofi/config.rasi [1ms]
[2022-06-27T22:18:25.605Z] > git status -z -uall [6ms]
[2022-06-27T22:18:25.609Z] > git symbolic-ref --short HEAD [1ms]
[2022-06-27T22:18:25.614Z] > git for-each-ref --format=%(refname)%00%(upstream:short)%00%(objectname)%00%(upstream:track)%00%(upstream:remotename)%00%(upstream:remoteref) refs/heads/main refs/remotes/main [1ms]
[2022-06-27T22:18:25.621Z] > git for-each-ref --sort -committerdate --format %(refname) %(objectname) %(*objectname) [4ms]
[2022-06-27T22:18:25.621Z] > git remote --verbose [1ms]
[2022-06-27T22:18:25.646Z] > git config --get commit.template [2ms]
[2022-06-27T22:18:30.655Z] > git status -z -uall [5ms]
[2022-06-27T22:18:30.659Z] > git symbolic-ref --short HEAD [1ms]
[2022-06-27T22:18:30.665Z] > git for-each-ref --format=%(refname)%00%(upstream:short)%00%(objectname)%00%(upstream:track)%00%(upstream:remotename)%00%(upstream:remoteref) refs/heads/main refs/remotes/main [1ms]
[2022-06-27T22:18:30.673Z] > git for-each-ref --sort -committerdate --format %(refname) %(objectname) %(*objectname) [5ms]
[2022-06-27T22:18:30.673Z] > git remote --verbose [1ms]
[2022-06-27T22:18:30.701Z] > git config --get commit.template [3ms]
[2022-06-27T22:18:32.813Z] > git ls-files --stage -- /home/manu320/.config/rofi/config.rasi [1ms]
[2022-06-27T22:18:32.817Z] > git cat-file -s 0816fcec89dbc88a24be74bfd70a25499ab13884 [1ms]
[2022-06-27T22:18:32.825Z] > git show --textconv :rofi/config.rasi [1ms]
[2022-06-27T22:18:35.721Z] > git status -z -uall [5ms]
[2022-06-27T22:18:35.725Z] > git symbolic-ref --short HEAD [0ms]
[2022-06-27T22:18:35.730Z] > git for-each-ref --format=%(refname)%00%(upstream:short)%00%(objectname)%00%(upstream:track)%00%(upstream:remotename)%00%(upstream:remoteref) refs/heads/main refs/remotes/main [0ms]
[2022-06-27T22:18:35.737Z] > git for-each-ref --sort -committerdate --format %(refname) %(objectname) %(*objectname) [4ms]
[2022-06-27T22:18:35.737Z] > git remote --verbose [1ms]
[2022-06-27T22:18:35.763Z] > git config --get commit.template [3ms]
[2022-06-27T22:18:40.776Z] > git status -z -uall [5ms]
[2022-06-27T22:18:40.780Z] > git symbolic-ref --short HEAD [0ms]
[2022-06-27T22:18:40.785Z] > git for-each-ref --format=%(refname)%00%(upstream:short)%00%(objectname)%00%(upstream:track)%00%(upstream:remotename)%00%(upstream:remoteref) refs/heads/main refs/remotes/main [0ms]
[2022-06-27T22:18:40.793Z] > git for-each-ref --sort -committerdate --format %(refname) %(objectname) %(*objectname) [4ms]
[2022-06-27T22:18:40.794Z] > git remote --verbose [1ms]
[2022-06-27T22:18:40.827Z] > git config --get commit.template [2ms]
[2022-06-27T22:18:45.848Z] > git status -z -uall [9ms]
[2022-06-27T22:18:45.856Z] > git symbolic-ref --short HEAD [1ms]
[2022-06-27T22:18:45.864Z] > git for-each-ref --format=%(refname)%00%(upstream:short)%00%(objectname)%00%(upstream:track)%00%(upstream:remotename)%00%(upstream:remoteref) refs/heads/main refs/remotes/main [1ms]
[2022-06-27T22:18:45.874Z] > git for-each-ref --sort -committerdate --format %(refname) %(objectname) %(*objectname) [4ms]
[2022-06-27T22:18:45.875Z] > git remote --verbose [1ms]
[2022-06-27T22:18:45.906Z] > git config --get commit.template [3ms]
[2022-06-27T22:18:50.945Z] > git status -z -uall [23ms]
[2022-06-27T22:18:50.966Z] > git symbolic-ref --short HEAD [2ms]
[2022-06-27T22:18:50.978Z] > git for-each-ref --format=%(refname)%00%(upstream:short)%00%(objectname)%00%(upstream:track)%00%(upstream:remotename)%00%(upstream:remoteref) refs/heads/main refs/remotes/main [1ms]
[2022-06-27T22:18:50.993Z] > git for-each-ref --sort -committerdate --format %(refname) %(objectname) %(*objectname) [6ms]
[2022-06-27T22:18:50.994Z] > git remote --verbose [2ms]
[2022-06-27T22:18:51.024Z] > git config --get commit.template [2ms]
[2022-06-27T22:18:56.038Z] > git status -z -uall [6ms]
[2022-06-27T22:18:56.043Z] > git symbolic-ref --short HEAD [1ms]
[2022-06-27T22:18:56.047Z] > git for-each-ref --format=%(refname)%00%(upstream:short)%00%(objectname)%00%(upstream:track)%00%(upstream:remotename)%00%(upstream:remoteref) refs/heads/main refs/remotes/main [0ms]
[2022-06-27T22:18:56.056Z] > git for-each-ref --sort -committerdate --format %(refname) %(objectname) %(*objectname) [5ms]
[2022-06-27T22:18:56.056Z] > git remote --verbose [1ms]
[2022-06-27T22:18:56.085Z] > git config --get commit.template [3ms]
[2022-06-27T22:19:05.866Z] > git status -z -uall [11ms]
[2022-06-27T22:19:05.872Z] > git symbolic-ref --short HEAD [1ms]
[2022-06-27T22:19:05.879Z] > git for-each-ref --format=%(refname)%00%(upstream:short)%00%(objectname)%00%(upstream:track)%00%(upstream:remotename)%00%(upstream:remoteref) refs/heads/main refs/remotes/main [1ms]
[2022-06-27T22:19:05.893Z] > git for-each-ref --sort -committerdate --format %(refname) %(objectname) %(*objectname) [10ms]
[2022-06-27T22:19:05.893Z] > git remote --verbose [5ms]
[2022-06-27T22:19:05.937Z] > git config --get commit.template [2ms]
[2022-06-27T22:19:10.954Z] > git status -z -uall [10ms]
[2022-06-27T22:19:10.962Z] > git symbolic-ref --short HEAD [1ms]
[2022-06-27T22:19:10.970Z] > git for-each-ref --format=%(refname)%00%(upstream:short)%00%(objectname)%00%(upstream:track)%00%(upstream:remotename)%00%(upstream:remoteref) refs/heads/main refs/remotes/main [2ms]
[2022-06-27T22:19:10.984Z] > git for-each-ref --sort -committerdate --format %(refname) %(objectname) %(*objectname) [7ms]
[2022-06-27T22:19:10.985Z] > git remote --verbose [2ms]
[2022-06-27T22:19:11.047Z] > git config --get commit.template [7ms]
[2022-06-27T22:19:16.068Z] > git status -z -uall [11ms]
[2022-06-27T22:19:16.078Z] > git symbolic-ref --short HEAD [2ms]
[2022-06-27T22:19:16.086Z] > git for-each-ref --format=%(refname)%00%(upstream:short)%00%(objectname)%00%(upstream:track)%00%(upstream:remotename)%00%(upstream:remoteref) refs/heads/main refs/remotes/main [1ms]
[2022-06-27T22:19:16.101Z] > git for-each-ref --sort -committerdate --format %(refname) %(objectname) %(*objectname) [8ms]
[2022-06-27T22:19:16.101Z] > git remote --verbose [1ms]
[2022-06-27T22:19:16.141Z] > git config --get commit.template [3ms]
[2022-06-27T22:19:21.156Z] > git status -z -uall [7ms]
[2022-06-27T22:19:21.162Z] > git symbolic-ref --short HEAD [1ms]
[2022-06-27T22:19:21.167Z] > git for-each-ref --format=%(refname)%00%(upstream:short)%00%(objectname)%00%(upstream:track)%00%(upstream:remotename)%00%(upstream:remoteref) refs/heads/main refs/remotes/main [1ms]
[2022-06-27T22:19:21.175Z] > git for-each-ref --sort -committerdate --format %(refname) %(objectname) %(*objectname) [4ms]
[2022-06-27T22:19:21.175Z] > git remote --verbose [1ms]
[2022-06-27T22:19:21.222Z] > git config --get commit.template [9ms]
[2022-06-27T22:19:26.236Z] > git status -z -uall [7ms]
[2022-06-27T22:19:26.242Z] > git symbolic-ref --short HEAD [2ms]
[2022-06-27T22:19:26.247Z] > git for-each-ref --format=%(refname)%00%(upstream:short)%00%(objectname)%00%(upstream:track)%00%(upstream:remotename)%00%(upstream:remoteref) refs/heads/main refs/remotes/main [1ms]
[2022-06-27T22:19:26.255Z] > git for-each-ref --sort -committerdate --format %(refname) %(objectname) %(*objectname) [4ms]
[2022-06-27T22:19:26.256Z] > git remote --verbose [2ms]
[2022-06-27T22:19:26.305Z] > git config --get commit.template [8ms]
[2022-06-27T22:23:42.363Z] > git check-ignore -v -z --stdin [4ms]
