[2022-06-27T23:04:39.912Z] Log level: Info
[2022-06-27T23:04:39.914Z] [info] Validating found git in: git
[2022-06-27T23:04:39.926Z] [info] Using git 2.36.1 from git
[2022-06-27T23:04:39.951Z] > git rev-parse --show-toplevel [4ms]
[2022-06-27T23:04:39.964Z] > git rev-parse --git-dir --git-common-dir [2ms]
[2022-06-27T23:04:39.972Z] [info] Open repository: /home/manu320/.config
[2022-06-27T23:04:39.994Z] > git status -z -uall [13ms]
[2022-06-27T23:04:40.002Z] > git symbolic-ref --short HEAD [3ms]
[2022-06-27T23:04:40.016Z] > git for-each-ref --format=%(refname)%00%(upstream:short)%00%(objectname)%00%(upstream:track)%00%(upstream:remotename)%00%(upstream:remoteref) refs/heads/master refs/remotes/master [8ms]
[2022-06-27T23:04:40.034Z] > git for-each-ref --sort -committerdate --format %(refname) %(objectname) %(*objectname) [12ms]
[2022-06-27T23:04:40.035Z] > git remote --verbose [6ms]
[2022-06-27T23:04:40.048Z] > git config --get commit.template [1ms]
[2022-06-27T23:04:40.340Z] > git show --textconv :rofi/config.rasi [9ms]
[2022-06-27T23:04:40.342Z] > git ls-files --stage -- /home/manu320/.config/rofi/config.rasi [7ms]
[2022-06-27T23:04:40.347Z] > git cat-file -s 0816fcec89dbc88a24be74bfd70a25499ab13884 [1ms]
[2022-06-27T23:04:40.572Z] > git check-ignore -v -z --stdin [6ms]
[2022-06-27T23:04:41.380Z] > git show --textconv :qtile/config.py [6ms]
[2022-06-27T23:04:41.381Z] > git ls-files --stage -- /home/manu320/.config/qtile/config.py [2ms]
[2022-06-27T23:04:41.387Z] > git cat-file -s 20316eaafb8038f98b29cca1a0d7a5b38c384037 [1ms]
[2022-06-27T23:04:42.598Z] > git status -z -uall [8ms]
[2022-06-27T23:04:42.602Z] > git symbolic-ref --short HEAD [1ms]
[2022-06-27T23:04:42.606Z] > git for-each-ref --format=%(refname)%00%(upstream:short)%00%(objectname)%00%(upstream:track)%00%(upstream:remotename)%00%(upstream:remoteref) refs/heads/master refs/remotes/master [1ms]
[2022-06-27T23:04:42.614Z] > git for-each-ref --sort -committerdate --format %(refname) %(objectname) %(*objectname) [4ms]
[2022-06-27T23:04:42.614Z] > git remote --verbose [1ms]
[2022-06-27T23:04:42.621Z] > git config --get commit.template [1ms]
[2022-06-27T23:04:45.606Z] > git check-ignore -v -z --stdin [2ms]
[2022-06-27T23:04:47.637Z] > git status -z -uall [10ms]
[2022-06-27T23:04:47.641Z] > git symbolic-ref --short HEAD [1ms]
[2022-06-27T23:04:47.645Z] > git for-each-ref --format=%(refname)%00%(upstream:short)%00%(objectname)%00%(upstream:track)%00%(upstream:remotename)%00%(upstream:remoteref) refs/heads/master refs/remotes/master [1ms]
[2022-06-27T23:04:47.651Z] > git for-each-ref --sort -committerdate --format %(refname) %(objectname) %(*objectname) [4ms]
[2022-06-27T23:04:47.651Z] > git remote --verbose [1ms]
[2022-06-27T23:04:47.657Z] > git config --get commit.template [1ms]
[2022-06-27T23:04:59.289Z] > git status -z -uall [7ms]
[2022-06-27T23:04:59.293Z] > git symbolic-ref --short HEAD [1ms]
[2022-06-27T23:04:59.296Z] > git for-each-ref --format=%(refname)%00%(upstream:short)%00%(objectname)%00%(upstream:track)%00%(upstream:remotename)%00%(upstream:remoteref) refs/heads/master refs/remotes/master [0ms]
[2022-06-27T23:04:59.302Z] > git for-each-ref --sort -committerdate --format %(refname) %(objectname) %(*objectname) [3ms]
[2022-06-27T23:04:59.303Z] > git remote --verbose [1ms]
[2022-06-27T23:04:59.309Z] > git config --get commit.template [1ms]
[2022-06-27T23:05:04.809Z] > git status -z -uall [8ms]
[2022-06-27T23:05:04.815Z] > git symbolic-ref --short HEAD [3ms]
[2022-06-27T23:05:04.859Z] > git for-each-ref --format=%(refname)%00%(upstream:short)%00%(objectname)%00%(upstream:track)%00%(upstream:remotename)%00%(upstream:remoteref) refs/heads/master refs/remotes/master [41ms]
[2022-06-27T23:05:04.867Z] > git remote --verbose [2ms]
[2022-06-27T23:05:04.868Z] > git for-each-ref --sort -committerdate --format %(refname) %(objectname) %(*objectname) [6ms]
[2022-06-27T23:05:04.882Z] > git config --get commit.template [6ms]
[2022-06-27T23:06:01.712Z] > git check-ignore -v -z --stdin [2ms]
[2022-06-27T23:06:03.870Z] > git status -z -uall [7ms]
[2022-06-27T23:06:03.873Z] > git symbolic-ref --short HEAD [0ms]
[2022-06-27T23:06:03.877Z] > git for-each-ref --format=%(refname)%00%(upstream:short)%00%(objectname)%00%(upstream:track)%00%(upstream:remotename)%00%(upstream:remoteref) refs/heads/master refs/remotes/master [1ms]
[2022-06-27T23:06:03.883Z] > git for-each-ref --sort -committerdate --format %(refname) %(objectname) %(*objectname) [3ms]
[2022-06-27T23:06:03.883Z] > git remote --verbose [1ms]
[2022-06-27T23:06:03.889Z] > git config --get commit.template [0ms]
