[2022-06-27T22:25:12.388Z] Log level: Info
[2022-06-27T22:25:12.390Z] [info] Validating found git in: git
[2022-06-27T22:25:12.400Z] [info] Using git 2.36.1 from git
[2022-06-27T22:25:12.420Z] > git rev-parse --show-toplevel [4ms]
[2022-06-27T22:25:12.430Z] > git rev-parse --git-dir --git-common-dir [1ms]
[2022-06-27T22:25:12.440Z] [info] Open repository: /home/manu320/.config
[2022-06-27T22:25:12.478Z] > git status -z -uall [28ms]
[2022-06-27T22:25:12.484Z] > git symbolic-ref --short HEAD [1ms]
[2022-06-27T22:25:12.491Z] > git for-each-ref --format=%(refname)%00%(upstream:short)%00%(objectname)%00%(upstream:track)%00%(upstream:remotename)%00%(upstream:remoteref) refs/heads/main refs/remotes/main [2ms]
[2022-06-27T22:25:12.502Z] > git remote --verbose [2ms]
[2022-06-27T22:25:12.502Z] > git for-each-ref --sort -committerdate --format %(refname) %(objectname) %(*objectname) [7ms]
[2022-06-27T22:25:13.102Z] > git config --get commit.template [18ms]
[2022-06-27T22:25:13.347Z] > git show --textconv :rofi/config.rasi [217ms]
[2022-06-27T22:25:13.348Z] > git ls-files --stage -- /home/manu320/.config/rofi/config.rasi [213ms]
[2022-06-27T22:25:13.379Z] > git cat-file -s 0816fcec89dbc88a24be74bfd70a25499ab13884 [27ms]
[2022-06-27T22:25:13.602Z] > git check-ignore -v -z --stdin [3ms]
[2022-06-27T22:25:14.736Z] > git status -z -uall [10ms]
[2022-06-27T22:25:14.741Z] > git symbolic-ref --short HEAD [1ms]
[2022-06-27T22:25:14.745Z] > git for-each-ref --format=%(refname)%00%(upstream:short)%00%(objectname)%00%(upstream:track)%00%(upstream:remotename)%00%(upstream:remoteref) refs/heads/main refs/remotes/main [0ms]
[2022-06-27T22:25:14.753Z] > git for-each-ref --sort -committerdate --format %(refname) %(objectname) %(*objectname) [4ms]
[2022-06-27T22:25:14.753Z] > git remote --verbose [1ms]
[2022-06-27T22:25:14.790Z] > git config --get commit.template [1ms]
[2022-06-27T22:25:19.806Z] > git status -z -uall [10ms]
[2022-06-27T22:25:19.811Z] > git symbolic-ref --short HEAD [0ms]
[2022-06-27T22:25:19.817Z] > git for-each-ref --format=%(refname)%00%(upstream:short)%00%(objectname)%00%(upstream:track)%00%(upstream:remotename)%00%(upstream:remoteref) refs/heads/main refs/remotes/main [1ms]
[2022-06-27T22:25:19.825Z] > git for-each-ref --sort -committerdate --format %(refname) %(objectname) %(*objectname) [4ms]
[2022-06-27T22:25:19.826Z] > git remote --verbose [1ms]
[2022-06-27T22:25:19.873Z] > git config --get commit.template [5ms]
[2022-06-27T22:25:24.890Z] > git status -z -uall [8ms]
[2022-06-27T22:25:24.895Z] > git symbolic-ref --short HEAD [1ms]
[2022-06-27T22:25:24.899Z] > git for-each-ref --format=%(refname)%00%(upstream:short)%00%(objectname)%00%(upstream:track)%00%(upstream:remotename)%00%(upstream:remoteref) refs/heads/main refs/remotes/main [1ms]
[2022-06-27T22:25:24.906Z] > git for-each-ref --sort -committerdate --format %(refname) %(objectname) %(*objectname) [4ms]
[2022-06-27T22:25:24.907Z] > git remote --verbose [1ms]
[2022-06-27T22:25:24.947Z] > git config --get commit.template [2ms]
[2022-06-27T22:25:29.963Z] > git status -z -uall [10ms]
[2022-06-27T22:25:29.968Z] > git symbolic-ref --short HEAD [1ms]
[2022-06-27T22:25:29.972Z] > git for-each-ref --format=%(refname)%00%(upstream:short)%00%(objectname)%00%(upstream:track)%00%(upstream:remotename)%00%(upstream:remoteref) refs/heads/main refs/remotes/main [0ms]
[2022-06-27T22:25:29.980Z] > git for-each-ref --sort -committerdate --format %(refname) %(objectname) %(*objectname) [4ms]
[2022-06-27T22:25:29.980Z] > git remote --verbose [1ms]
[2022-06-27T22:25:30.015Z] > git config --get commit.template [4ms]
[2022-06-27T22:25:35.036Z] > git status -z -uall [8ms]
[2022-06-27T22:25:35.041Z] > git symbolic-ref --short HEAD [1ms]
[2022-06-27T22:25:35.045Z] > git for-each-ref --format=%(refname)%00%(upstream:short)%00%(objectname)%00%(upstream:track)%00%(upstream:remotename)%00%(upstream:remoteref) refs/heads/main refs/remotes/main [1ms]
[2022-06-27T22:25:35.053Z] > git remote --verbose [1ms]
[2022-06-27T22:25:35.053Z] > git for-each-ref --sort -committerdate --format %(refname) %(objectname) %(*objectname) [5ms]
[2022-06-27T22:25:35.082Z] > git config --get commit.template [3ms]
[2022-06-27T22:25:40.101Z] > git status -z -uall [9ms]
[2022-06-27T22:25:40.106Z] > git symbolic-ref --short HEAD [1ms]
[2022-06-27T22:25:40.110Z] > git for-each-ref --format=%(refname)%00%(upstream:short)%00%(objectname)%00%(upstream:track)%00%(upstream:remotename)%00%(upstream:remoteref) refs/heads/main refs/remotes/main [1ms]
[2022-06-27T22:25:40.118Z] > git for-each-ref --sort -committerdate --format %(refname) %(objectname) %(*objectname) [4ms]
[2022-06-27T22:25:40.118Z] > git remote --verbose [0ms]
[2022-06-27T22:25:40.149Z] > git config --get commit.template [2ms]
[2022-06-27T22:25:45.165Z] > git status -z -uall [9ms]
[2022-06-27T22:25:45.170Z] > git symbolic-ref --short HEAD [1ms]
[2022-06-27T22:25:45.175Z] > git for-each-ref --format=%(refname)%00%(upstream:short)%00%(objectname)%00%(upstream:track)%00%(upstream:remotename)%00%(upstream:remoteref) refs/heads/main refs/remotes/main [1ms]
[2022-06-27T22:25:45.184Z] > git for-each-ref --sort -committerdate --format %(refname) %(objectname) %(*objectname) [5ms]
[2022-06-27T22:25:45.184Z] > git remote --verbose [1ms]
[2022-06-27T22:25:45.214Z] > git config --get commit.template [3ms]
[2022-06-27T22:25:50.231Z] > git status -z -uall [8ms]
[2022-06-27T22:25:50.236Z] > git symbolic-ref --short HEAD [1ms]
[2022-06-27T22:25:50.240Z] > git for-each-ref --format=%(refname)%00%(upstream:short)%00%(objectname)%00%(upstream:track)%00%(upstream:remotename)%00%(upstream:remoteref) refs/heads/main refs/remotes/main [1ms]
[2022-06-27T22:25:50.249Z] > git remote --verbose [1ms]
[2022-06-27T22:25:50.249Z] > git for-each-ref --sort -committerdate --format %(refname) %(objectname) %(*objectname) [5ms]
[2022-06-27T22:25:50.277Z] > git config --get commit.template [3ms]
[2022-06-27T22:25:55.294Z] > git status -z -uall [7ms]
[2022-06-27T22:25:55.299Z] > git symbolic-ref --short HEAD [0ms]
[2022-06-27T22:25:55.304Z] > git for-each-ref --format=%(refname)%00%(upstream:short)%00%(objectname)%00%(upstream:track)%00%(upstream:remotename)%00%(upstream:remoteref) refs/heads/main refs/remotes/main [0ms]
[2022-06-27T22:25:55.313Z] > git for-each-ref --sort -committerdate --format %(refname) %(objectname) %(*objectname) [5ms]
[2022-06-27T22:25:55.313Z] > git remote --verbose [1ms]
[2022-06-27T22:25:55.341Z] > git config --get commit.template [2ms]
[2022-06-27T22:26:00.393Z] > git status -z -uall [32ms]
[2022-06-27T22:26:00.403Z] > git symbolic-ref --short HEAD [1ms]
[2022-06-27T22:26:00.411Z] > git for-each-ref --format=%(refname)%00%(upstream:short)%00%(objectname)%00%(upstream:track)%00%(upstream:remotename)%00%(upstream:remoteref) refs/heads/main refs/remotes/main [1ms]
[2022-06-27T22:26:00.422Z] > git for-each-ref --sort -committerdate --format %(refname) %(objectname) %(*objectname) [6ms]
[2022-06-27T22:26:00.422Z] > git remote --verbose [0ms]
[2022-06-27T22:26:00.453Z] > git config --get commit.template [3ms]
[2022-06-27T22:26:05.475Z] > git status -z -uall [8ms]
[2022-06-27T22:26:05.480Z] > git symbolic-ref --short HEAD [0ms]
[2022-06-27T22:26:05.485Z] > git for-each-ref --format=%(refname)%00%(upstream:short)%00%(objectname)%00%(upstream:track)%00%(upstream:remotename)%00%(upstream:remoteref) refs/heads/main refs/remotes/main [1ms]
[2022-06-27T22:26:05.492Z] > git for-each-ref --sort -committerdate --format %(refname) %(objectname) %(*objectname) [3ms]
[2022-06-27T22:26:05.493Z] > git remote --verbose [1ms]
[2022-06-27T22:26:05.522Z] > git config --get commit.template [4ms]
[2022-06-27T22:26:10.566Z] > git status -z -uall [26ms]
[2022-06-27T22:26:10.575Z] > git symbolic-ref --short HEAD [0ms]
[2022-06-27T22:26:10.583Z] > git for-each-ref --format=%(refname)%00%(upstream:short)%00%(objectname)%00%(upstream:track)%00%(upstream:remotename)%00%(upstream:remoteref) refs/heads/main refs/remotes/main [1ms]
[2022-06-27T22:26:10.596Z] > git for-each-ref --sort -committerdate --format %(refname) %(objectname) %(*objectname) [7ms]
[2022-06-27T22:26:10.596Z] > git remote --verbose [1ms]
[2022-06-27T22:26:10.632Z] > git config --get commit.template [2ms]
[2022-06-27T22:26:15.679Z] > git status -z -uall [28ms]
[2022-06-27T22:26:15.688Z] > git symbolic-ref --short HEAD [1ms]
[2022-06-27T22:26:15.694Z] > git for-each-ref --format=%(refname)%00%(upstream:short)%00%(objectname)%00%(upstream:track)%00%(upstream:remotename)%00%(upstream:remoteref) refs/heads/main refs/remotes/main [1ms]
[2022-06-27T22:26:15.705Z] > git for-each-ref --sort -committerdate --format %(refname) %(objectname) %(*objectname) [6ms]
[2022-06-27T22:26:15.705Z] > git remote --verbose [1ms]
[2022-06-27T22:26:15.737Z] > git config --get commit.template [3ms]
[2022-06-27T22:26:20.754Z] > git status -z -uall [9ms]
[2022-06-27T22:26:20.759Z] > git symbolic-ref --short HEAD [1ms]
[2022-06-27T22:26:20.763Z] > git for-each-ref --format=%(refname)%00%(upstream:short)%00%(objectname)%00%(upstream:track)%00%(upstream:remotename)%00%(upstream:remoteref) refs/heads/main refs/remotes/main [0ms]
[2022-06-27T22:26:20.771Z] > git for-each-ref --sort -committerdate --format %(refname) %(objectname) %(*objectname) [4ms]
[2022-06-27T22:26:20.772Z] > git remote --verbose [1ms]
[2022-06-27T22:26:20.803Z] > git config --get commit.template [3ms]
[2022-06-27T22:26:25.852Z] > git status -z -uall [33ms]
[2022-06-27T22:26:25.864Z] > git symbolic-ref --short HEAD [2ms]
[2022-06-27T22:26:25.873Z] > git for-each-ref --format=%(refname)%00%(upstream:short)%00%(objectname)%00%(upstream:track)%00%(upstream:remotename)%00%(upstream:remoteref) refs/heads/main refs/remotes/main [1ms]
[2022-06-27T22:26:25.888Z] > git for-each-ref --sort -committerdate --format %(refname) %(objectname) %(*objectname) [8ms]
[2022-06-27T22:26:25.888Z] > git remote --verbose [2ms]
[2022-06-27T22:26:25.933Z] > git config --get commit.template [4ms]
[2022-06-27T22:26:30.946Z] > git status -z -uall [9ms]
[2022-06-27T22:26:30.951Z] > git symbolic-ref --short HEAD [0ms]
[2022-06-27T22:26:30.957Z] > git for-each-ref --format=%(refname)%00%(upstream:short)%00%(objectname)%00%(upstream:track)%00%(upstream:remotename)%00%(upstream:remoteref) refs/heads/main refs/remotes/main [1ms]
[2022-06-27T22:26:30.967Z] > git for-each-ref --sort -committerdate --format %(refname) %(objectname) %(*objectname) [6ms]
[2022-06-27T22:26:30.967Z] > git remote --verbose [1ms]
[2022-06-27T22:26:31.020Z] > git config --get commit.template [10ms]
[2022-06-27T22:26:36.036Z] > git status -z -uall [8ms]
[2022-06-27T22:26:36.040Z] > git symbolic-ref --short HEAD [1ms]
[2022-06-27T22:26:36.044Z] > git for-each-ref --format=%(refname)%00%(upstream:short)%00%(objectname)%00%(upstream:track)%00%(upstream:remotename)%00%(upstream:remoteref) refs/heads/main refs/remotes/main [1ms]
[2022-06-27T22:26:36.050Z] > git for-each-ref --sort -committerdate --format %(refname) %(objectname) %(*objectname) [3ms]
[2022-06-27T22:26:36.050Z] > git remote --verbose [0ms]
[2022-06-27T22:26:36.080Z] > git config --get commit.template [3ms]
[2022-06-27T22:26:41.096Z] > git status -z -uall [8ms]
[2022-06-27T22:26:41.100Z] > git symbolic-ref --short HEAD [0ms]
[2022-06-27T22:26:41.104Z] > git for-each-ref --format=%(refname)%00%(upstream:short)%00%(objectname)%00%(upstream:track)%00%(upstream:remotename)%00%(upstream:remoteref) refs/heads/main refs/remotes/main [0ms]
[2022-06-27T22:26:41.111Z] > git for-each-ref --sort -committerdate --format %(refname) %(objectname) %(*objectname) [4ms]
[2022-06-27T22:26:41.111Z] > git remote --verbose [0ms]
[2022-06-27T22:26:41.142Z] > git config --get commit.template [3ms]
[2022-06-27T22:26:46.160Z] > git status -z -uall [12ms]
[2022-06-27T22:26:46.166Z] > git symbolic-ref --short HEAD [2ms]
[2022-06-27T22:26:46.171Z] > git for-each-ref --format=%(refname)%00%(upstream:short)%00%(objectname)%00%(upstream:track)%00%(upstream:remotename)%00%(upstream:remoteref) refs/heads/main refs/remotes/main [1ms]
[2022-06-27T22:26:46.179Z] > git for-each-ref --sort -committerdate --format %(refname) %(objectname) %(*objectname) [5ms]
[2022-06-27T22:26:46.179Z] > git remote --verbose [1ms]
[2022-06-27T22:26:46.232Z] > git config --get commit.template [13ms]
[2022-06-27T22:26:51.249Z] > git status -z -uall [11ms]
[2022-06-27T22:26:51.254Z] > git symbolic-ref --short HEAD [1ms]
[2022-06-27T22:26:51.257Z] > git for-each-ref --format=%(refname)%00%(upstream:short)%00%(objectname)%00%(upstream:track)%00%(upstream:remotename)%00%(upstream:remoteref) refs/heads/main refs/remotes/main [0ms]
[2022-06-27T22:26:51.264Z] > git for-each-ref --sort -committerdate --format %(refname) %(objectname) %(*objectname) [4ms]
[2022-06-27T22:26:51.264Z] > git remote --verbose [1ms]
[2022-06-27T22:26:51.293Z] > git config --get commit.template [4ms]
[2022-06-27T22:26:56.310Z] > git status -z -uall [8ms]
[2022-06-27T22:26:56.314Z] > git symbolic-ref --short HEAD [0ms]
[2022-06-27T22:26:56.319Z] > git for-each-ref --format=%(refname)%00%(upstream:short)%00%(objectname)%00%(upstream:track)%00%(upstream:remotename)%00%(upstream:remoteref) refs/heads/main refs/remotes/main [1ms]
[2022-06-27T22:26:56.326Z] > git for-each-ref --sort -committerdate --format %(refname) %(objectname) %(*objectname) [4ms]
[2022-06-27T22:26:56.326Z] > git remote --verbose [1ms]
[2022-06-27T22:26:56.356Z] > git config --get commit.template [2ms]
[2022-06-27T22:27:01.372Z] > git status -z -uall [9ms]
[2022-06-27T22:27:01.376Z] > git symbolic-ref --short HEAD [1ms]
[2022-06-27T22:27:01.379Z] > git for-each-ref --format=%(refname)%00%(upstream:short)%00%(objectname)%00%(upstream:track)%00%(upstream:remotename)%00%(upstream:remoteref) refs/heads/main refs/remotes/main [0ms]
[2022-06-27T22:27:01.385Z] > git for-each-ref --sort -committerdate --format %(refname) %(objectname) %(*objectname) [3ms]
[2022-06-27T22:27:01.386Z] > git remote --verbose [1ms]
[2022-06-27T22:27:01.412Z] > git config --get commit.template [4ms]
[2022-06-27T22:27:06.435Z] > git status -z -uall [9ms]
[2022-06-27T22:27:06.440Z] > git symbolic-ref --short HEAD [1ms]
[2022-06-27T22:27:06.444Z] > git for-each-ref --format=%(refname)%00%(upstream:short)%00%(objectname)%00%(upstream:track)%00%(upstream:remotename)%00%(upstream:remoteref) refs/heads/main refs/remotes/main [1ms]
[2022-06-27T22:27:06.452Z] > git for-each-ref --sort -committerdate --format %(refname) %(objectname) %(*objectname) [4ms]
[2022-06-27T22:27:06.452Z] > git remote --verbose [1ms]
[2022-06-27T22:27:06.481Z] > git config --get commit.template [2ms]
[2022-06-27T22:27:11.531Z] > git status -z -uall [32ms]
[2022-06-27T22:27:11.540Z] > git symbolic-ref --short HEAD [1ms]
[2022-06-27T22:27:11.547Z] > git for-each-ref --format=%(refname)%00%(upstream:short)%00%(objectname)%00%(upstream:track)%00%(upstream:remotename)%00%(upstream:remoteref) refs/heads/main refs/remotes/main [1ms]
[2022-06-27T22:27:11.560Z] > git for-each-ref --sort -committerdate --format %(refname) %(objectname) %(*objectname) [7ms]
[2022-06-27T22:27:11.560Z] > git remote --verbose [1ms]
[2022-06-27T22:27:11.599Z] > git config --get commit.template [4ms]
[2022-06-27T22:27:16.616Z] > git status -z -uall [9ms]
[2022-06-27T22:27:16.622Z] > git symbolic-ref --short HEAD [0ms]
[2022-06-27T22:27:16.627Z] > git for-each-ref --format=%(refname)%00%(upstream:short)%00%(objectname)%00%(upstream:track)%00%(upstream:remotename)%00%(upstream:remoteref) refs/heads/main refs/remotes/main [1ms]
[2022-06-27T22:27:16.636Z] > git for-each-ref --sort -committerdate --format %(refname) %(objectname) %(*objectname) [5ms]
[2022-06-27T22:27:16.636Z] > git remote --verbose [1ms]
[2022-06-27T22:27:16.688Z] > git config --get commit.template [8ms]
[2022-06-27T22:27:23.844Z] > git status -z -uall [9ms]
[2022-06-27T22:27:23.851Z] > git symbolic-ref --short HEAD [1ms]
[2022-06-27T22:27:23.857Z] > git for-each-ref --format=%(refname)%00%(upstream:short)%00%(objectname)%00%(upstream:track)%00%(upstream:remotename)%00%(upstream:remoteref) refs/heads/main refs/remotes/main [1ms]
[2022-06-27T22:27:23.867Z] > git remote --verbose [0ms]
[2022-06-27T22:27:23.868Z] > git for-each-ref --sort -committerdate --format %(refname) %(objectname) %(*objectname) [6ms]
[2022-06-27T22:27:23.906Z] > git config --get commit.template [2ms]
[2022-06-27T22:27:28.924Z] > git status -z -uall [8ms]
[2022-06-27T22:27:28.928Z] > git symbolic-ref --short HEAD [0ms]
[2022-06-27T22:27:28.933Z] > git for-each-ref --format=%(refname)%00%(upstream:short)%00%(objectname)%00%(upstream:track)%00%(upstream:remotename)%00%(upstream:remoteref) refs/heads/main refs/remotes/main [1ms]
[2022-06-27T22:27:28.940Z] > git for-each-ref --sort -committerdate --format %(refname) %(objectname) %(*objectname) [4ms]
[2022-06-27T22:27:28.940Z] > git remote --verbose [1ms]
[2022-06-27T22:27:28.970Z] > git config --get commit.template [3ms]
[2022-06-27T22:27:33.988Z] > git status -z -uall [9ms]
[2022-06-27T22:27:33.992Z] > git symbolic-ref --short HEAD [1ms]
[2022-06-27T22:27:33.996Z] > git for-each-ref --format=%(refname)%00%(upstream:short)%00%(objectname)%00%(upstream:track)%00%(upstream:remotename)%00%(upstream:remoteref) refs/heads/main refs/remotes/main [1ms]
[2022-06-27T22:27:34.002Z] > git for-each-ref --sort -committerdate --format %(refname) %(objectname) %(*objectname) [3ms]
[2022-06-27T22:27:34.003Z] > git remote --verbose [1ms]
[2022-06-27T22:27:34.031Z] > git config --get commit.template [3ms]
[2022-06-27T22:27:39.083Z] > git status -z -uall [37ms]
[2022-06-27T22:27:39.092Z] > git symbolic-ref --short HEAD [1ms]
[2022-06-27T22:27:39.097Z] > git for-each-ref --format=%(refname)%00%(upstream:short)%00%(objectname)%00%(upstream:track)%00%(upstream:remotename)%00%(upstream:remoteref) refs/heads/main refs/remotes/main [1ms]
[2022-06-27T22:27:39.105Z] > git remote --verbose [1ms]
[2022-06-27T22:27:39.105Z] > git for-each-ref --sort -committerdate --format %(refname) %(objectname) %(*objectname) [4ms]
[2022-06-27T22:27:39.154Z] > git config --get commit.template [8ms]
[2022-06-27T22:27:44.171Z] > git status -z -uall [9ms]
[2022-06-27T22:27:44.176Z] > git symbolic-ref --short HEAD [1ms]
[2022-06-27T22:27:44.180Z] > git for-each-ref --format=%(refname)%00%(upstream:short)%00%(objectname)%00%(upstream:track)%00%(upstream:remotename)%00%(upstream:remoteref) refs/heads/main refs/remotes/main [0ms]
[2022-06-27T22:27:44.188Z] > git for-each-ref --sort -committerdate --format %(refname) %(objectname) %(*objectname) [4ms]
[2022-06-27T22:27:44.188Z] > git remote --verbose [1ms]
[2022-06-27T22:27:44.215Z] > git config --get commit.template [4ms]
[2022-06-27T22:28:02.367Z] > git status -z -uall [13ms]
[2022-06-27T22:28:02.371Z] > git symbolic-ref --short HEAD [0ms]
[2022-06-27T22:28:02.375Z] > git for-each-ref --format=%(refname)%00%(upstream:short)%00%(objectname)%00%(upstream:track)%00%(upstream:remotename)%00%(upstream:remoteref) refs/heads/main refs/remotes/main [0ms]
[2022-06-27T22:28:02.383Z] > git for-each-ref --sort -committerdate --format %(refname) %(objectname) %(*objectname) [4ms]
[2022-06-27T22:28:02.383Z] > git remote --verbose [0ms]
[2022-06-27T22:28:02.422Z] > git config --get commit.template [2ms]
[2022-06-27T22:28:07.440Z] > git status -z -uall [12ms]
[2022-06-27T22:28:07.447Z] > git symbolic-ref --short HEAD [1ms]
[2022-06-27T22:28:07.453Z] > git for-each-ref --format=%(refname)%00%(upstream:short)%00%(objectname)%00%(upstream:track)%00%(upstream:remotename)%00%(upstream:remoteref) refs/heads/main refs/remotes/main [1ms]
[2022-06-27T22:28:07.466Z] > git for-each-ref --sort -committerdate --format %(refname) %(objectname) %(*objectname) [7ms]
[2022-06-27T22:28:07.467Z] > git remote --verbose [1ms]
[2022-06-27T22:28:07.514Z] > git config --get commit.template [1ms]
[2022-06-27T22:28:12.538Z] > git status -z -uall [10ms]
[2022-06-27T22:28:12.547Z] > git symbolic-ref --short HEAD [1ms]
[2022-06-27T22:28:12.551Z] > git for-each-ref --format=%(refname)%00%(upstream:short)%00%(objectname)%00%(upstream:track)%00%(upstream:remotename)%00%(upstream:remoteref) refs/heads/main refs/remotes/main [1ms]
[2022-06-27T22:28:12.559Z] > git for-each-ref --sort -committerdate --format %(refname) %(objectname) %(*objectname) [4ms]
[2022-06-27T22:28:12.559Z] > git remote --verbose [1ms]
[2022-06-27T22:28:12.606Z] > git config --get commit.template [8ms]
[2022-06-27T22:28:17.620Z] > git status -z -uall [0ms]
[2022-06-27T22:28:52.240Z] > git rev-parse --show-toplevel [1ms]
[2022-06-27T22:28:52.240Z] fatal: not a git repository (or any of the parent directories): .git
[2022-06-27T22:29:16.277Z] > git rev-parse --show-toplevel [1ms]
[2022-06-27T22:29:16.282Z] > git rev-parse --git-dir --git-common-dir [1ms]
[2022-06-27T22:29:16.285Z] [info] Open repository: /home/manu320/.config
[2022-06-27T22:29:16.295Z] > git status -z -uall [6ms]
[2022-06-27T22:29:16.301Z] > git symbolic-ref --short HEAD [2ms]
[2022-06-27T22:29:16.305Z] > git for-each-ref --format=%(refname)%00%(upstream:short)%00%(objectname)%00%(upstream:track)%00%(upstream:remotename)%00%(upstream:remoteref) refs/heads/master refs/remotes/master [1ms]
[2022-06-27T22:29:16.312Z] > git for-each-ref --sort -committerdate --format %(refname) %(objectname) %(*objectname) [4ms]
[2022-06-27T22:29:16.313Z] > git remote --verbose [2ms]
[2022-06-27T22:29:16.348Z] > git config --get commit.template [1ms]
[2022-06-27T22:29:16.819Z] > git check-ignore -v -z --stdin [6ms]
[2022-06-27T22:29:18.125Z] > git status -z -uall [4ms]
[2022-06-27T22:29:18.129Z] > git symbolic-ref --short HEAD [1ms]
[2022-06-27T22:29:18.132Z] > git for-each-ref --format=%(refname)%00%(upstream:short)%00%(objectname)%00%(upstream:track)%00%(upstream:remotename)%00%(upstream:remoteref) refs/heads/master refs/remotes/master [0ms]
[2022-06-27T22:29:18.139Z] > git for-each-ref --sort -committerdate --format %(refname) %(objectname) %(*objectname) [3ms]
[2022-06-27T22:29:18.140Z] > git remote --verbose [1ms]
[2022-06-27T22:29:18.170Z] > git config --get commit.template [2ms]
[2022-06-27T22:29:23.206Z] > git status -z -uall [20ms]
[2022-06-27T22:29:23.216Z] > git symbolic-ref --short HEAD [1ms]
[2022-06-27T22:29:23.223Z] > git for-each-ref --format=%(refname)%00%(upstream:short)%00%(objectname)%00%(upstream:track)%00%(upstream:remotename)%00%(upstream:remoteref) refs/heads/master refs/remotes/master [1ms]
[2022-06-27T22:29:23.237Z] > git for-each-ref --sort -committerdate --format %(refname) %(objectname) %(*objectname) [6ms]
[2022-06-27T22:29:23.237Z] > git remote --verbose [1ms]
[2022-06-27T22:29:23.275Z] > git config --get commit.template [3ms]
[2022-06-27T22:29:31.249Z] > git status -z -uall [8ms]
[2022-06-27T22:29:31.258Z] > git symbolic-ref --short HEAD [2ms]
[2022-06-27T22:29:31.265Z] > git for-each-ref --format=%(refname)%00%(upstream:short)%00%(objectname)%00%(upstream:track)%00%(upstream:remotename)%00%(upstream:remoteref) refs/heads/master refs/remotes/master [1ms]
[2022-06-27T22:29:31.279Z] > git for-each-ref --sort -committerdate --format %(refname) %(objectname) %(*objectname) [7ms]
[2022-06-27T22:29:31.279Z] > git remote --verbose [0ms]
[2022-06-27T22:29:31.314Z] > git config --get commit.template [3ms]
[2022-06-27T22:29:33.573Z] > git ls-files --stage -- /home/manu320/.config/rofi/config.rasi [3ms]
[2022-06-27T22:29:33.596Z] > git show --textconv :rofi/config.rasi [3ms]
[2022-06-27T22:29:38.044Z] > git status -z -uall [7ms]
[2022-06-27T22:29:38.067Z] > git symbolic-ref --short HEAD [15ms]
[2022-06-27T22:29:38.080Z] > git for-each-ref --format=%(refname)%00%(upstream:short)%00%(objectname)%00%(upstream:track)%00%(upstream:remotename)%00%(upstream:remoteref) refs/heads/master refs/remotes/master [5ms]
[2022-06-27T22:29:38.092Z] > git for-each-ref --sort -committerdate --format %(refname) %(objectname) %(*objectname) [6ms]
[2022-06-27T22:29:38.093Z] > git remote --verbose [2ms]
[2022-06-27T22:29:38.130Z] > git config --get commit.template [1ms]
[2022-06-27T22:29:40.564Z] > git ls-files --stage -- /home/manu320/.config/rofi/config.rasi [0ms]
[2022-06-27T22:29:40.571Z] > git show --textconv :rofi/config.rasi [0ms]
[2022-06-27T22:29:47.176Z] > git status -z -uall [6ms]
[2022-06-27T22:29:47.181Z] > git symbolic-ref --short HEAD [1ms]
[2022-06-27T22:29:47.185Z] > git for-each-ref --format=%(refname)%00%(upstream:short)%00%(objectname)%00%(upstream:track)%00%(upstream:remotename)%00%(upstream:remoteref) refs/heads/master refs/remotes/master [1ms]
[2022-06-27T22:29:47.194Z] > git remote --verbose [1ms]
[2022-06-27T22:29:47.194Z] > git for-each-ref --sort -committerdate --format %(refname) %(objectname) %(*objectname) [5ms]
[2022-06-27T22:29:47.224Z] > git config --get commit.template [2ms]
[2022-06-27T22:29:52.234Z] > git status -z -uall [6ms]
[2022-06-27T22:29:52.240Z] > git symbolic-ref --short HEAD [1ms]
[2022-06-27T22:29:52.245Z] > git for-each-ref --format=%(refname)%00%(upstream:short)%00%(objectname)%00%(upstream:track)%00%(upstream:remotename)%00%(upstream:remoteref) refs/heads/master refs/remotes/master [1ms]
[2022-06-27T22:29:52.254Z] > git for-each-ref --sort -committerdate --format %(refname) %(objectname) %(*objectname) [5ms]
[2022-06-27T22:29:52.254Z] > git remote --verbose [1ms]
[2022-06-27T22:29:52.305Z] > git config --get commit.template [9ms]
[2022-06-27T22:29:57.338Z] > git status -z -uall [20ms]
[2022-06-27T22:29:57.348Z] > git symbolic-ref --short HEAD [1ms]
[2022-06-27T22:29:57.354Z] > git for-each-ref --format=%(refname)%00%(upstream:short)%00%(objectname)%00%(upstream:track)%00%(upstream:remotename)%00%(upstream:remoteref) refs/heads/master refs/remotes/master [1ms]
[2022-06-27T22:29:57.361Z] > git for-each-ref --sort -committerdate --format %(refname) %(objectname) %(*objectname) [3ms]
[2022-06-27T22:29:57.361Z] > git remote --verbose [1ms]
[2022-06-27T22:29:57.390Z] > git config --get commit.template [2ms]
[2022-06-27T22:29:58.326Z] > git ls-files --stage -- /home/manu320/.config/rofi/config.rasi [1ms]
[2022-06-27T22:29:58.332Z] > git cat-file -s 0816fcec89dbc88a24be74bfd70a25499ab13884 [2ms]
[2022-06-27T22:29:58.341Z] > git show --textconv :rofi/config.rasi [2ms]
[2022-06-27T22:30:02.400Z] > git status -z -uall [6ms]
[2022-06-27T22:30:02.404Z] > git symbolic-ref --short HEAD [0ms]
[2022-06-27T22:30:02.410Z] > git for-each-ref --format=%(refname)%00%(upstream:short)%00%(objectname)%00%(upstream:track)%00%(upstream:remotename)%00%(upstream:remoteref) refs/heads/master refs/remotes/master [1ms]
[2022-06-27T22:30:02.417Z] > git for-each-ref --sort -committerdate --format %(refname) %(objectname) %(*objectname) [4ms]
[2022-06-27T22:30:02.417Z] > git remote --verbose [1ms]
[2022-06-27T22:30:02.444Z] > git config --get commit.template [3ms]
[2022-06-27T22:30:07.462Z] > git status -z -uall [5ms]
[2022-06-27T22:30:07.467Z] > git symbolic-ref --short HEAD [1ms]
[2022-06-27T22:30:07.471Z] > git for-each-ref --format=%(refname)%00%(upstream:short)%00%(objectname)%00%(upstream:track)%00%(upstream:remotename)%00%(upstream:remoteref) refs/heads/master refs/remotes/master [0ms]
[2022-06-27T22:30:07.479Z] > git for-each-ref --sort -committerdate --format %(refname) %(objectname) %(*objectname) [4ms]
[2022-06-27T22:30:07.479Z] > git remote --verbose [1ms]
[2022-06-27T22:30:07.507Z] > git config --get commit.template [3ms]
[2022-06-27T22:30:12.523Z] > git status -z -uall [6ms]
[2022-06-27T22:30:12.529Z] > git symbolic-ref --short HEAD [1ms]
[2022-06-27T22:30:12.532Z] > git for-each-ref --format=%(refname)%00%(upstream:short)%00%(objectname)%00%(upstream:track)%00%(upstream:remotename)%00%(upstream:remoteref) refs/heads/master refs/remotes/master [0ms]
[2022-06-27T22:30:12.540Z] > git for-each-ref --sort -committerdate --format %(refname) %(objectname) %(*objectname) [4ms]
[2022-06-27T22:30:12.540Z] > git remote --verbose [1ms]
[2022-06-27T22:30:12.570Z] > git config --get commit.template [4ms]
[2022-06-27T22:30:14.629Z] > git ls-files --stage -- /home/manu320/.config/rofi/config.rasi [2ms]
[2022-06-27T22:30:14.634Z] > git cat-file -s 0816fcec89dbc88a24be74bfd70a25499ab13884 [2ms]
[2022-06-27T22:30:14.643Z] > git show --textconv :rofi/config.rasi [1ms]
[2022-06-27T22:30:17.971Z] > git status -z -uall [11ms]
[2022-06-27T22:30:17.977Z] > git symbolic-ref --short HEAD [1ms]
[2022-06-27T22:30:17.984Z] > git for-each-ref --format=%(refname)%00%(upstream:short)%00%(objectname)%00%(upstream:track)%00%(upstream:remotename)%00%(upstream:remoteref) refs/heads/master refs/remotes/master [0ms]
[2022-06-27T22:30:17.993Z] > git for-each-ref --sort -committerdate --format %(refname) %(objectname) %(*objectname) [4ms]
[2022-06-27T22:30:17.994Z] > git remote --verbose [1ms]
[2022-06-27T22:30:18.028Z] > git config --get commit.template [3ms]
[2022-06-27T22:30:20.195Z] > git ls-files --stage -- /home/manu320/.config/rofi/config.rasi [4ms]
[2022-06-27T22:30:20.212Z] > git cat-file -s 0816fcec89dbc88a24be74bfd70a25499ab13884 [3ms]
[2022-06-27T22:30:20.235Z] > git show --textconv :rofi/config.rasi [4ms]
[2022-06-27T22:30:24.581Z] > git status -z -uall [8ms]
[2022-06-27T22:30:24.586Z] > git symbolic-ref --short HEAD [0ms]
[2022-06-27T22:30:24.592Z] > git for-each-ref --format=%(refname)%00%(upstream:short)%00%(objectname)%00%(upstream:track)%00%(upstream:remotename)%00%(upstream:remoteref) refs/heads/master refs/remotes/master [1ms]
[2022-06-27T22:30:24.600Z] > git for-each-ref --sort -committerdate --format %(refname) %(objectname) %(*objectname) [4ms]
[2022-06-27T22:30:24.600Z] > git remote --verbose [0ms]
[2022-06-27T22:30:24.629Z] > git config --get commit.template [1ms]
[2022-06-27T22:30:29.644Z] > git status -z -uall [6ms]
[2022-06-27T22:30:29.648Z] > git symbolic-ref --short HEAD [0ms]
[2022-06-27T22:30:29.652Z] > git for-each-ref --format=%(refname)%00%(upstream:short)%00%(objectname)%00%(upstream:track)%00%(upstream:remotename)%00%(upstream:remoteref) refs/heads/master refs/remotes/master [0ms]
[2022-06-27T22:30:29.660Z] > git for-each-ref --sort -committerdate --format %(refname) %(objectname) %(*objectname) [4ms]
[2022-06-27T22:30:29.660Z] > git remote --verbose [1ms]
[2022-06-27T22:30:29.690Z] > git config --get commit.template [3ms]
[2022-06-27T22:30:34.703Z] > git status -z -uall [6ms]
[2022-06-27T22:30:34.707Z] > git symbolic-ref --short HEAD [0ms]
[2022-06-27T22:30:34.712Z] > git for-each-ref --format=%(refname)%00%(upstream:short)%00%(objectname)%00%(upstream:track)%00%(upstream:remotename)%00%(upstream:remoteref) refs/heads/master refs/remotes/master [1ms]
[2022-06-27T22:30:34.719Z] > git for-each-ref --sort -committerdate --format %(refname) %(objectname) %(*objectname) [4ms]
[2022-06-27T22:30:34.719Z] > git remote --verbose [0ms]
[2022-06-27T22:30:34.749Z] > git config --get commit.template [1ms]
[2022-06-27T22:30:39.763Z] > git status -z -uall [7ms]
[2022-06-27T22:30:39.768Z] > git symbolic-ref --short HEAD [1ms]
[2022-06-27T22:30:39.773Z] > git for-each-ref --format=%(refname)%00%(upstream:short)%00%(objectname)%00%(upstream:track)%00%(upstream:remotename)%00%(upstream:remoteref) refs/heads/master refs/remotes/master [1ms]
[2022-06-27T22:30:39.782Z] > git for-each-ref --sort -committerdate --format %(refname) %(objectname) %(*objectname) [5ms]
[2022-06-27T22:30:39.782Z] > git remote --verbose [1ms]
[2022-06-27T22:30:39.817Z] > git config --get commit.template [4ms]
[2022-06-27T22:30:43.945Z] > git check-ignore -v -z --stdin [4ms]
[2022-06-27T22:30:44.831Z] > git status -z -uall [6ms]
[2022-06-27T22:30:44.835Z] > git symbolic-ref --short HEAD [0ms]
[2022-06-27T22:30:44.840Z] > git for-each-ref --format=%(refname)%00%(upstream:short)%00%(objectname)%00%(upstream:track)%00%(upstream:remotename)%00%(upstream:remoteref) refs/heads/master refs/remotes/master [1ms]
[2022-06-27T22:30:44.850Z] > git for-each-ref --sort -committerdate --format %(refname) %(objectname) %(*objectname) [5ms]
[2022-06-27T22:30:44.850Z] > git remote --verbose [1ms]
[2022-06-27T22:30:44.882Z] > git config --get commit.template [1ms]
[2022-06-27T22:31:14.636Z] > git status -z -uall [14ms]
[2022-06-27T22:31:14.643Z] > git symbolic-ref --short HEAD [1ms]
[2022-06-27T22:31:14.649Z] > git for-each-ref --format=%(refname)%00%(upstream:short)%00%(objectname)%00%(upstream:track)%00%(upstream:remotename)%00%(upstream:remoteref) refs/heads/master refs/remotes/master [1ms]
[2022-06-27T22:31:14.657Z] > git for-each-ref --sort -committerdate --format %(refname) %(objectname) %(*objectname) [4ms]
[2022-06-27T22:31:14.657Z] > git remote --verbose [1ms]
[2022-06-27T22:31:14.693Z] > git config --get commit.template [1ms]
[2022-06-27T22:31:19.710Z] > git status -z -uall [6ms]
[2022-06-27T22:31:19.715Z] > git symbolic-ref --short HEAD [1ms]
[2022-06-27T22:31:19.718Z] > git for-each-ref --format=%(refname)%00%(upstream:short)%00%(objectname)%00%(upstream:track)%00%(upstream:remotename)%00%(upstream:remoteref) refs/heads/master refs/remotes/master [0ms]
[2022-06-27T22:31:19.725Z] > git for-each-ref --sort -committerdate --format %(refname) %(objectname) %(*objectname) [3ms]
[2022-06-27T22:31:19.725Z] > git remote --verbose [0ms]
[2022-06-27T22:31:19.758Z] > git config --get commit.template [2ms]
[2022-06-27T22:31:24.771Z] > git status -z -uall [6ms]
[2022-06-27T22:31:24.776Z] > git symbolic-ref --short HEAD [1ms]
[2022-06-27T22:31:24.781Z] > git for-each-ref --format=%(refname)%00%(upstream:short)%00%(objectname)%00%(upstream:track)%00%(upstream:remotename)%00%(upstream:remoteref) refs/heads/master refs/remotes/master [1ms]
[2022-06-27T22:31:24.789Z] > git for-each-ref --sort -committerdate --format %(refname) %(objectname) %(*objectname) [4ms]
[2022-06-27T22:31:24.789Z] > git remote --verbose [0ms]
[2022-06-27T22:31:24.823Z] > git config --get commit.template [3ms]
[2022-06-27T22:32:19.729Z] > git status -z -uall [16ms]
[2022-06-27T22:32:19.735Z] > git symbolic-ref --short HEAD [0ms]
[2022-06-27T22:32:19.741Z] > git for-each-ref --format=%(refname)%00%(upstream:short)%00%(objectname)%00%(upstream:track)%00%(upstream:remotename)%00%(upstream:remoteref) refs/heads/master refs/remotes/master [1ms]
[2022-06-27T22:32:19.749Z] > git for-each-ref --sort -committerdate --format %(refname) %(objectname) %(*objectname) [4ms]
[2022-06-27T22:32:19.750Z] > git remote --verbose [1ms]
[2022-06-27T22:32:19.788Z] > git config --get commit.template [3ms]
[2022-06-27T22:32:23.254Z] > git ls-files --stage -- /home/manu320/.config/rofi/config.rasi [4ms]
[2022-06-27T22:32:23.269Z] > git cat-file -s 0816fcec89dbc88a24be74bfd70a25499ab13884 [2ms]
[2022-06-27T22:32:23.287Z] > git show --textconv :rofi/config.rasi [1ms]
[2022-06-27T22:32:24.800Z] > git status -z -uall [7ms]
[2022-06-27T22:32:24.805Z] > git symbolic-ref --short HEAD [1ms]
[2022-06-27T22:32:24.809Z] > git for-each-ref --format=%(refname)%00%(upstream:short)%00%(objectname)%00%(upstream:track)%00%(upstream:remotename)%00%(upstream:remoteref) refs/heads/master refs/remotes/master [0ms]
[2022-06-27T22:32:24.819Z] > git for-each-ref --sort -committerdate --format %(refname) %(objectname) %(*objectname) [5ms]
[2022-06-27T22:32:24.819Z] > git remote --verbose [1ms]
[2022-06-27T22:32:24.850Z] > git config --get commit.template [1ms]
[2022-06-27T22:33:18.650Z] > git status -z -uall [13ms]
[2022-06-27T22:33:18.658Z] > git symbolic-ref --short HEAD [1ms]
[2022-06-27T22:33:18.664Z] > git for-each-ref --format=%(refname)%00%(upstream:short)%00%(objectname)%00%(upstream:track)%00%(upstream:remotename)%00%(upstream:remoteref) refs/heads/master refs/remotes/master [1ms]
[2022-06-27T22:33:18.677Z] > git for-each-ref --sort -committerdate --format %(refname) %(objectname) %(*objectname) [7ms]
[2022-06-27T22:33:18.678Z] > git remote --verbose [2ms]
[2022-06-27T22:33:18.731Z] > git config --get commit.template [7ms]
[2022-06-27T22:33:23.753Z] > git status -z -uall [8ms]
[2022-06-27T22:33:23.759Z] > git symbolic-ref --short HEAD [1ms]
[2022-06-27T22:33:23.763Z] > git for-each-ref --format=%(refname)%00%(upstream:short)%00%(objectname)%00%(upstream:track)%00%(upstream:remotename)%00%(upstream:remoteref) refs/heads/master refs/remotes/master [0ms]
[2022-06-27T22:33:23.772Z] > git for-each-ref --sort -committerdate --format %(refname) %(objectname) %(*objectname) [5ms]
[2022-06-27T22:33:23.772Z] > git remote --verbose [1ms]
[2022-06-27T22:33:23.819Z] > git config --get commit.template [6ms]
[2022-06-27T22:33:28.835Z] > git status -z -uall [7ms]
[2022-06-27T22:33:28.840Z] > git symbolic-ref --short HEAD [1ms]
[2022-06-27T22:33:28.845Z] > git for-each-ref --format=%(refname)%00%(upstream:short)%00%(objectname)%00%(upstream:track)%00%(upstream:remotename)%00%(upstream:remoteref) refs/heads/master refs/remotes/master [1ms]
[2022-06-27T22:33:28.854Z] > git for-each-ref --sort -committerdate --format %(refname) %(objectname) %(*objectname) [4ms]
[2022-06-27T22:33:28.854Z] > git remote --verbose [1ms]
[2022-06-27T22:33:28.904Z] > git config --get commit.template [8ms]
[2022-06-27T22:33:33.919Z] > git status -z -uall [5ms]
[2022-06-27T22:33:33.924Z] > git symbolic-ref --short HEAD [1ms]
[2022-06-27T22:33:33.928Z] > git for-each-ref --format=%(refname)%00%(upstream:short)%00%(objectname)%00%(upstream:track)%00%(upstream:remotename)%00%(upstream:remoteref) refs/heads/master refs/remotes/master [0ms]
[2022-06-27T22:33:33.936Z] > git for-each-ref --sort -committerdate --format %(refname) %(objectname) %(*objectname) [4ms]
[2022-06-27T22:33:33.936Z] > git remote --verbose [1ms]
[2022-06-27T22:33:33.963Z] > git config --get commit.template [3ms]
[2022-06-27T22:33:38.978Z] > git status -z -uall [6ms]
[2022-06-27T22:33:38.983Z] > git symbolic-ref --short HEAD [1ms]
[2022-06-27T22:33:38.987Z] > git for-each-ref --format=%(refname)%00%(upstream:short)%00%(objectname)%00%(upstream:track)%00%(upstream:remotename)%00%(upstream:remoteref) refs/heads/master refs/remotes/master [1ms]
[2022-06-27T22:33:38.993Z] > git for-each-ref --sort -committerdate --format %(refname) %(objectname) %(*objectname) [3ms]
[2022-06-27T22:33:38.994Z] > git remote --verbose [1ms]
[2022-06-27T22:33:39.021Z] > git config --get commit.template [3ms]
[2022-06-27T22:33:41.826Z] > git ls-files --stage -- /home/manu320/.config/rofi/config.rasi [1ms]
[2022-06-27T22:33:41.831Z] > git cat-file -s 0816fcec89dbc88a24be74bfd70a25499ab13884 [0ms]
[2022-06-27T22:33:41.840Z] > git show --textconv :rofi/config.rasi [1ms]
[2022-06-27T22:33:44.034Z] > git status -z -uall [5ms]
[2022-06-27T22:33:44.040Z] > git symbolic-ref --short HEAD [1ms]
[2022-06-27T22:33:44.045Z] > git for-each-ref --format=%(refname)%00%(upstream:short)%00%(objectname)%00%(upstream:track)%00%(upstream:remotename)%00%(upstream:remoteref) refs/heads/master refs/remotes/master [0ms]
[2022-06-27T22:33:44.054Z] > git for-each-ref --sort -committerdate --format %(refname) %(objectname) %(*objectname) [4ms]
[2022-06-27T22:33:44.054Z] > git remote --verbose [1ms]
[2022-06-27T22:33:44.105Z] > git config --get commit.template [9ms]
[2022-06-27T22:33:49.125Z] > git status -z -uall [6ms]
[2022-06-27T22:33:49.132Z] > git symbolic-ref --short HEAD [1ms]
[2022-06-27T22:33:49.137Z] > git for-each-ref --format=%(refname)%00%(upstream:short)%00%(objectname)%00%(upstream:track)%00%(upstream:remotename)%00%(upstream:remoteref) refs/heads/master refs/remotes/master [1ms]
[2022-06-27T22:33:49.145Z] > git for-each-ref --sort -committerdate --format %(refname) %(objectname) %(*objectname) [4ms]
[2022-06-27T22:33:49.146Z] > git remote --verbose [1ms]
[2022-06-27T22:33:49.191Z] > git config --get commit.template [8ms]
[2022-06-27T22:33:51.190Z] > git ls-files --stage -- /home/manu320/.config/rofi/config.rasi [2ms]
[2022-06-27T22:33:51.197Z] > git cat-file -s 0816fcec89dbc88a24be74bfd70a25499ab13884 [1ms]
[2022-06-27T22:33:51.212Z] > git show --textconv :rofi/config.rasi [1ms]
[2022-06-27T22:33:54.203Z] > git status -z -uall [5ms]
[2022-06-27T22:33:54.208Z] > git symbolic-ref --short HEAD [1ms]
[2022-06-27T22:33:54.213Z] > git for-each-ref --format=%(refname)%00%(upstream:short)%00%(objectname)%00%(upstream:track)%00%(upstream:remotename)%00%(upstream:remoteref) refs/heads/master refs/remotes/master [1ms]
[2022-06-27T22:33:54.221Z] > git for-each-ref --sort -committerdate --format %(refname) %(objectname) %(*objectname) [5ms]
[2022-06-27T22:33:54.221Z] > git remote --verbose [1ms]
[2022-06-27T22:33:54.251Z] > git config --get commit.template [3ms]
[2022-06-27T22:33:59.263Z] > git status -z -uall [6ms]
[2022-06-27T22:33:59.269Z] > git symbolic-ref --short HEAD [1ms]
[2022-06-27T22:33:59.275Z] > git for-each-ref --format=%(refname)%00%(upstream:short)%00%(objectname)%00%(upstream:track)%00%(upstream:remotename)%00%(upstream:remoteref) refs/heads/master refs/remotes/master [1ms]
[2022-06-27T22:33:59.286Z] > git for-each-ref --sort -committerdate --format %(refname) %(objectname) %(*objectname) [6ms]
[2022-06-27T22:33:59.286Z] > git remote --verbose [1ms]
[2022-06-27T22:33:59.321Z] > git config --get commit.template [2ms]
[2022-06-27T22:34:04.335Z] > git status -z -uall [6ms]
[2022-06-27T22:34:04.340Z] > git symbolic-ref --short HEAD [1ms]
[2022-06-27T22:34:04.345Z] > git for-each-ref --format=%(refname)%00%(upstream:short)%00%(objectname)%00%(upstream:track)%00%(upstream:remotename)%00%(upstream:remoteref) refs/heads/master refs/remotes/master [1ms]
[2022-06-27T22:34:04.353Z] > git for-each-ref --sort -committerdate --format %(refname) %(objectname) %(*objectname) [4ms]
[2022-06-27T22:34:04.353Z] > git remote --verbose [0ms]
[2022-06-27T22:34:04.386Z] > git config --get commit.template [0ms]
[2022-06-27T22:34:09.400Z] > git status -z -uall [5ms]
[2022-06-27T22:34:09.404Z] > git symbolic-ref --short HEAD [0ms]
[2022-06-27T22:34:09.409Z] > git for-each-ref --format=%(refname)%00%(upstream:short)%00%(objectname)%00%(upstream:track)%00%(upstream:remotename)%00%(upstream:remoteref) refs/heads/master refs/remotes/master [1ms]
[2022-06-27T22:34:09.417Z] > git for-each-ref --sort -committerdate --format %(refname) %(objectname) %(*objectname) [4ms]
[2022-06-27T22:34:09.417Z] > git remote --verbose [0ms]
[2022-06-27T22:34:09.448Z] > git config --get commit.template [2ms]
[2022-06-27T22:34:53.641Z] > git status -z -uall [9ms]
[2022-06-27T22:34:53.646Z] > git symbolic-ref --short HEAD [0ms]
[2022-06-27T22:34:53.654Z] > git for-each-ref --format=%(refname)%00%(upstream:short)%00%(objectname)%00%(upstream:track)%00%(upstream:remotename)%00%(upstream:remoteref) refs/heads/master refs/remotes/master [1ms]
[2022-06-27T22:34:53.669Z] > git for-each-ref --sort -committerdate --format %(refname) %(objectname) %(*objectname) [7ms]
[2022-06-27T22:34:53.669Z] > git remote --verbose [1ms]
[2022-06-27T22:34:53.710Z] > git config --get commit.template [1ms]
[2022-06-27T22:34:58.724Z] > git status -z -uall [6ms]
[2022-06-27T22:34:58.728Z] > git symbolic-ref --short HEAD [1ms]
[2022-06-27T22:34:58.732Z] > git for-each-ref --format=%(refname)%00%(upstream:short)%00%(objectname)%00%(upstream:track)%00%(upstream:remotename)%00%(upstream:remoteref) refs/heads/master refs/remotes/master [1ms]
[2022-06-27T22:34:58.740Z] > git for-each-ref --sort -committerdate --format %(refname) %(objectname) %(*objectname) [4ms]
[2022-06-27T22:34:58.740Z] > git remote --verbose [1ms]
[2022-06-27T22:34:58.773Z] > git config --get commit.template [2ms]
[2022-06-27T22:35:03.784Z] > git status -z -uall [6ms]
[2022-06-27T22:35:03.790Z] > git symbolic-ref --short HEAD [1ms]
[2022-06-27T22:35:03.794Z] > git for-each-ref --format=%(refname)%00%(upstream:short)%00%(objectname)%00%(upstream:track)%00%(upstream:remotename)%00%(upstream:remoteref) refs/heads/master refs/remotes/master [1ms]
[2022-06-27T22:35:03.806Z] > git for-each-ref --sort -committerdate --format %(refname) %(objectname) %(*objectname) [6ms]
[2022-06-27T22:35:03.806Z] > git remote --verbose [1ms]
[2022-06-27T22:35:03.881Z] > git config --get commit.template [10ms]
[2022-06-27T22:35:08.900Z] > git status -z -uall [5ms]
[2022-06-27T22:35:08.905Z] > git symbolic-ref --short HEAD [1ms]
[2022-06-27T22:35:08.909Z] > git for-each-ref --format=%(refname)%00%(upstream:short)%00%(objectname)%00%(upstream:track)%00%(upstream:remotename)%00%(upstream:remoteref) refs/heads/master refs/remotes/master [1ms]
[2022-06-27T22:35:08.916Z] > git for-each-ref --sort -committerdate --format %(refname) %(objectname) %(*objectname) [4ms]
[2022-06-27T22:35:08.916Z] > git remote --verbose [1ms]
[2022-06-27T22:35:08.945Z] > git config --get commit.template [4ms]
