[3108][1656362399309][shell][info]["EventBus~initialize - Success"]
[3108][1656362399315][shell][info]["bootShellCrashReporter~ Success"]
[3108][1656362399325][shell][info]["shellController~init: Success"]
[3108][1656362399325][shell][info]["shellMeta~init: Success"]
[3108][1656362399326][shell][info]["partitionMigrationService: State of V7 partition:"]
[3108][1656362399326][shell][info]["partitionMigrationService: V7 partitions",[]]
[3108][1656362399326][shell][info]["partitionMigrationService: V7 lastActiveUser",null]
[3108][1656362399326][shell][info]["partitionMigrationService: V7 activePartition",null]
[3108][1656362399326][shell][info]["partitionMigrationService: V7 isPartitionDirty",null]
[3108][1656362399327][shell][info]["partitionMigrationService~rectifyNamespaceOfScratchPadPartition: There is no partition with scratchpad namespace"]
[3108][1656362399327][shell][info]["partitionMigrationService~rectifyNamespaceOfScratchPadPartition: There is no transit partition which could have been used for scratchpad"]
[3108][1656362399327][shell][info]["partitionMigrationService~init: Success"]
[3108][1656362399327][shell][info]["partitionMigrationService~runV8PartitionsIntegrity: Two way migration~ removing the following partitions from v8",[]]
[3108][1656362399328][shell][info]["userPartitionService~_rectifyTheActivePartitionOfApplication: Setting the active partition to ",null]
[3108][1656362399328][shell][info]["userPartitionService~init: Success"]
[3108][1656362399328][shell][info]["userPartitionService: State of v8 partition system:"]
[3108][1656362399329][shell][info]["userPartitionService: List of partitions:",[]]
[3108][1656362399329][shell][info]["userPartitionService: users global meta:",{"activePartition":null}]
[3108][1656362399329][shell][info]["shell~init~getPartitionToLoad: loading scratchpad partition"]
[3108][1656362399332][shell][info]["init~setViewAttributes - Initializing view with opts:"]
[3108][1656362399332][shell][info]["Shell~init~setViewAttributes: passing scratchpad partition id as ","2c009de8-39af-4f5a-b461-e14a31d7186c"]
[3108][1656362399332][shell][info]["Shell~init~setViewAttributes: do we have any logged in users? ",false]
[3108][1656362399333][shell][info]["init~setViewAttributes - Success"]
[3108][1656362400914][shell][info]["Shell~init~sendUsersDataToRenderer",[]]
[3108][1656362400945][shell][info]["Shell~init~sendUsersDataToRenderer",[]]
