[2022-06-27 16:49:20.568] [exthost] [info] Extension host with pid 907 started
[2022-06-27 16:49:20.568] [exthost] [info] Skipping acquiring lock for /home/manu320/.config/Code - OSS/User/workspaceStorage/11c5ba59c150c6f9ec353995be8e954b.
[2022-06-27 16:49:20.678] [exthost] [info] ExtensionService#_doActivateExtension vscode.debug-auto-launch, startup: true, activationEvent: '*'
[2022-06-27 16:49:20.681] [exthost] [info] ExtensionService#_doActivateExtension vscode.git-base, startup: true, activationEvent: '*', root cause: vscode.git
[2022-06-27 16:49:20.684] [exthost] [info] ExtensionService#_doActivateExtension vscode.ipynb, startup: true, activationEvent: '*'
[2022-06-27 16:49:20.688] [exthost] [info] ExtensionService#_doActivateExtension christian-kohler.path-intellisense, startup: true, activationEvent: '*'
[2022-06-27 16:49:20.703] [exthost] [info] ExtensionService#_doActivateExtension CoenraadS.bracket-pair-colorizer-2, startup: true, activationEvent: '*'
[2022-06-27 16:49:20.719] [exthost] [info] ExtensionService#_doActivateExtension ecmel.vscode-html-css, startup: true, activationEvent: '*'
[2022-06-27 16:49:20.748] [exthost] [info] ExtensionService#_doActivateExtension formulahendry.auto-close-tag, startup: true, activationEvent: '*'
[2022-06-27 16:49:20.750] [exthost] [info] ExtensionService#_doActivateExtension formulahendry.auto-rename-tag, startup: true, activationEvent: '*'
[2022-06-27 16:49:20.766] [exthost] [info] ExtensionService#_doActivateExtension mhutchie.git-graph, startup: true, activationEvent: '*'
[2022-06-27 16:49:20.791] [exthost] [info] ExtensionService#_doActivateExtension Zignd.html-css-class-completion, startup: true, activationEvent: '*'
[2022-06-27 16:49:21.195] [exthost] [info] ExtensionService#_doActivateExtension vscode.git, startup: true, activationEvent: '*'
[2022-06-27 16:49:21.234] [exthost] [info] ExtensionService#_doActivateExtension vscode.github, startup: true, activationEvent: '*'
[2022-06-27 16:49:21.282] [exthost] [info] Eager extensions activated
[2022-06-27 16:49:21.299] [exthost] [info] ExtensionService#_doActivateExtension vscode.emmet, startup: false, activationEvent: 'onStartupFinished'
[2022-06-27 16:49:21.305] [exthost] [info] ExtensionService#_doActivateExtension vscode.merge-conflict, startup: false, activationEvent: 'onStartupFinished'
[2022-06-27 16:49:21.306] [exthost] [info] ExtensionService#_doActivateExtension equinusocio.vsc-material-theme-icons, startup: false, activationEvent: 'onStartupFinished'
[2022-06-27 16:49:21.333] [exthost] [info] ExtensionService#_doActivateExtension esbenp.prettier-vscode, startup: false, activationEvent: 'onStartupFinished'
[2022-06-27 16:49:21.363] [exthost] [info] ExtensionService#_doActivateExtension PKief.material-icon-theme, startup: false, activationEvent: 'onStartupFinished'
[2022-06-27 16:49:21.374] [exthost] [info] ExtensionService#_doActivateExtension ritwickdey.LiveServer, startup: false, activationEvent: 'onStartupFinished'
[2022-06-27 16:49:21.498] [exthost] [info] ExtensionService#_doActivateExtension zhuangtongfa.material-theme, startup: false, activationEvent: 'onStartupFinished'
[2022-06-27 17:17:38.028] [exthost] [warning] [Decorations] CAPPING events from decorations provider vscode.git 2254
[2022-06-27 17:17:39.934] [exthost] [warning] [Decorations] CAPPING events from decorations provider vscode.git 2254
[2022-06-27 17:17:44.993] [exthost] [warning] [Decorations] CAPPING events from decorations provider vscode.git 2254
[2022-06-27 17:17:50.065] [exthost] [warning] [Decorations] CAPPING events from decorations provider vscode.git 2254
[2022-06-27 17:17:55.141] [exthost] [warning] [Decorations] CAPPING events from decorations provider vscode.git 2254
[2022-06-27 17:18:00.283] [exthost] [warning] [Decorations] CAPPING events from decorations provider vscode.git 2254
[2022-06-27 17:18:05.357] [exthost] [warning] [Decorations] CAPPING events from decorations provider vscode.git 2254
[2022-06-27 17:18:10.421] [exthost] [warning] [Decorations] CAPPING events from decorations provider vscode.git 2254
[2022-06-27 17:18:15.482] [exthost] [warning] [Decorations] CAPPING events from decorations provider vscode.git 2254
[2022-06-27 17:18:20.570] [exthost] [warning] [Decorations] CAPPING events from decorations provider vscode.git 2254
[2022-06-27 17:18:25.638] [exthost] [warning] [Decorations] CAPPING events from decorations provider vscode.git 2254
[2022-06-27 17:18:30.693] [exthost] [warning] [Decorations] CAPPING events from decorations provider vscode.git 2254
[2022-06-27 17:18:35.755] [exthost] [warning] [Decorations] CAPPING events from decorations provider vscode.git 2254
[2022-06-27 17:18:40.820] [exthost] [warning] [Decorations] CAPPING events from decorations provider vscode.git 2254
[2022-06-27 17:18:45.895] [exthost] [warning] [Decorations] CAPPING events from decorations provider vscode.git 2254
[2022-06-27 17:18:51.016] [exthost] [warning] [Decorations] CAPPING events from decorations provider vscode.git 2254
[2022-06-27 17:18:56.075] [exthost] [warning] [Decorations] CAPPING events from decorations provider vscode.git 2254
[2022-06-27 17:19:05.926] [exthost] [warning] [Decorations] CAPPING events from decorations provider vscode.git 2254
[2022-06-27 17:19:11.033] [exthost] [warning] [Decorations] CAPPING events from decorations provider vscode.git 2254
[2022-06-27 17:19:16.132] [exthost] [warning] [Decorations] CAPPING events from decorations provider vscode.git 2254
[2022-06-27 17:19:21.206] [exthost] [warning] [Decorations] CAPPING events from decorations provider vscode.git 2254
[2022-06-27 17:19:26.291] [exthost] [warning] [Decorations] CAPPING events from decorations provider vscode.git 2254
