[2022-06-27T21:43:17.175Z] Log level: Info
[2022-06-27T21:43:17.176Z] [info] Validating found git in: git
[2022-06-27T21:43:17.190Z] [info] Using git  from git
[2022-06-27T21:43:17.203Z] > git rev-parse --show-toplevel [4ms]
[2022-06-27T21:43:17.203Z] fatal: not a git repository (or any of the parent directories): .git
[2022-06-27T21:43:17.211Z] > git rev-parse --show-toplevel [2ms]
[2022-06-27T21:43:17.211Z] fatal: not a git repository (or any of the parent directories): .git
[2022-06-27T21:43:17.216Z] > git rev-parse --show-toplevel [1ms]
[2022-06-27T21:43:17.216Z] fatal: not a git repository (or any of the parent directories): .git
[2022-06-27T21:43:17.439Z] > git rev-parse --show-toplevel [218ms]
[2022-06-27T21:43:17.439Z] fatal: not a git repository (or any of the parent directories): .git
[2022-06-27T21:43:17.444Z] > git rev-parse --show-toplevel [2ms]
[2022-06-27T21:43:17.444Z] fatal: not a git repository (or any of the parent directories): .git
[2022-06-27T21:43:17.474Z] > git rev-parse --show-toplevel [27ms]
[2022-06-27T21:43:17.474Z] fatal: not a git repository (or any of the parent directories): .git
[2022-06-27T21:43:17.479Z] > git rev-parse --show-toplevel [0ms]
[2022-06-27T21:43:17.479Z] fatal: not a git repository (or any of the parent directories): .git
[2022-06-27T21:43:17.484Z] > git rev-parse --show-toplevel [1ms]
[2022-06-27T21:43:17.484Z] fatal: not a git repository (or any of the parent directories): .git
[2022-06-27T21:43:17.489Z] > git rev-parse --show-toplevel [2ms]
[2022-06-27T21:43:17.489Z] fatal: not a git repository (or any of the parent directories): .git
[2022-06-27T21:43:17.494Z] > git rev-parse --show-toplevel [1ms]
[2022-06-27T21:43:17.494Z] fatal: not a git repository (or any of the parent directories): .git
[2022-06-27T21:43:17.499Z] > git rev-parse --show-toplevel [1ms]
[2022-06-27T21:43:17.499Z] fatal: not a git repository (or any of the parent directories): .git
